2022-04-13 19:24:49,240 - model.pytorch.supervisor - INFO - Log directory: data/model\GTS_DR_3_h_12_64_lr_0.005_bs_2000_0413192449/
2022-04-13 19:24:50,169 - model.pytorch.supervisor - INFO - Model created
2022-04-13 19:24:50,169 - model.pytorch.supervisor - INFO - Start training ...
2022-04-13 19:24:50,169 - model.pytorch.supervisor - INFO - num_batches:2
2022-04-13 19:24:50,772 - model.pytorch.supervisor - INFO - Total trainable parameters 4723091
2022-04-13 19:24:52,482 - model.pytorch.supervisor - INFO - epoch complete
2022-04-13 19:24:52,483 - model.pytorch.supervisor - INFO - evaluating now!
2022-04-13 19:24:52,949 - model.pytorch.supervisor - INFO - Epoch [0/200] (2) train_mae: 1.3744, val_mae: 1.2339
2022-04-13 19:24:55,154 - model.pytorch.supervisor - INFO - epoch complete
2022-04-13 19:24:55,193 - model.pytorch.supervisor - INFO - evaluating now!
2022-04-13 19:24:55,641 - model.pytorch.supervisor - INFO - Epoch [1/200] (4) train_mae: 1.1501, val_mae: 0.9694
2022-04-13 19:24:57,910 - model.pytorch.supervisor - INFO - epoch complete
2022-04-13 19:24:57,913 - model.pytorch.supervisor - INFO - evaluating now!
2022-04-13 19:24:58,394 - model.pytorch.supervisor - INFO - Epoch [2/200] (6) train_mae: 1.0692, val_mae: 1.0303
2022-04-13 19:25:00,529 - model.pytorch.supervisor - INFO - epoch complete
2022-04-13 19:25:00,529 - model.pytorch.supervisor - INFO - evaluating now!
2022-04-13 19:25:00,991 - model.pytorch.supervisor - INFO - Epoch [3/200] (8) train_mae: 0.8130, val_mae: 1.1608
2022-04-13 19:25:03,099 - model.pytorch.supervisor - INFO - epoch complete
2022-04-13 19:25:03,100 - model.pytorch.supervisor - INFO - evaluating now!
2022-04-13 19:25:03,578 - model.pytorch.supervisor - INFO - Epoch [4/200] (10) train_mae: 0.8476, val_mae: 1.1530
2022-04-13 19:25:04,044 - model.pytorch.supervisor - INFO - Test: mae: 1.3207, mape: 33858.8359, rmse: 0.8180
2022-04-13 19:25:04,044 - model.pytorch.supervisor - INFO - Horizon 15mins: mae: 0.4221, mape: 31528.8672, rmse: 0.5737
2022-04-13 19:25:04,044 - model.pytorch.supervisor - INFO - Horizon 30mins: mae: 0.6355, mape: 33818.6445, rmse: 0.7813
2022-04-13 19:25:04,044 - model.pytorch.supervisor - INFO - Horizon 60mins: mae: 0.9174, mape: 36720.9414, rmse: 1.0694
2022-04-13 19:25:04,045 - model.pytorch.supervisor - INFO - Epoch [4/200] (10) train_mae: 0.8476, test_mae: 1.3207, lr: 0.005000, 2.1s, 2.6s
2022-04-13 19:25:06,174 - model.pytorch.supervisor - INFO - epoch complete
2022-04-13 19:25:06,174 - model.pytorch.supervisor - INFO - evaluating now!
2022-04-13 19:25:06,632 - model.pytorch.supervisor - INFO - Epoch [5/200] (12) train_mae: 0.7662, val_mae: 0.8808
2022-04-13 19:25:08,822 - model.pytorch.supervisor - INFO - epoch complete
2022-04-13 19:25:08,822 - model.pytorch.supervisor - INFO - evaluating now!
2022-04-13 19:25:09,273 - model.pytorch.supervisor - INFO - Epoch [6/200] (14) train_mae: 0.8326, val_mae: 1.0593
2022-04-13 19:25:11,382 - model.pytorch.supervisor - INFO - epoch complete
2022-04-13 19:25:11,382 - model.pytorch.supervisor - INFO - evaluating now!
2022-04-13 19:25:11,894 - model.pytorch.supervisor - INFO - Epoch [7/200] (16) train_mae: 0.8012, val_mae: 0.8968
2022-04-13 19:25:14,357 - model.pytorch.supervisor - INFO - epoch complete
2022-04-13 19:25:14,357 - model.pytorch.supervisor - INFO - evaluating now!
2022-04-13 19:25:15,145 - model.pytorch.supervisor - INFO - Epoch [8/200] (18) train_mae: 0.7699, val_mae: 1.0169
2022-04-13 19:25:18,601 - model.pytorch.supervisor - INFO - epoch complete
2022-04-13 19:25:18,601 - model.pytorch.supervisor - INFO - evaluating now!
2022-04-13 19:25:19,296 - model.pytorch.supervisor - INFO - Epoch [9/200] (20) train_mae: 1.0201, val_mae: 1.0990
2022-04-13 19:25:20,105 - model.pytorch.supervisor - INFO - Test: mae: 1.2852, mape: 26238.9902, rmse: 0.8240
2022-04-13 19:25:20,105 - model.pytorch.supervisor - INFO - Horizon 15mins: mae: 0.3497, mape: 29046.2773, rmse: 0.4737
2022-04-13 19:25:20,106 - model.pytorch.supervisor - INFO - Horizon 30mins: mae: 0.6073, mape: 26857.3145, rmse: 0.7311
2022-04-13 19:25:20,106 - model.pytorch.supervisor - INFO - Horizon 60mins: mae: 1.1230, mape: 21482.3516, rmse: 1.2173
2022-04-13 19:25:20,106 - model.pytorch.supervisor - INFO - Epoch [9/200] (20) train_mae: 1.0201, test_mae: 1.2852, lr: 0.005000, 3.5s, 4.2s
2022-04-13 19:25:23,472 - model.pytorch.supervisor - INFO - epoch complete
2022-04-13 19:25:23,476 - model.pytorch.supervisor - INFO - evaluating now!
2022-04-13 19:25:24,239 - model.pytorch.supervisor - INFO - Epoch [10/200] (22) train_mae: 0.7708, val_mae: 0.9457
2022-04-13 19:25:27,660 - model.pytorch.supervisor - INFO - epoch complete
2022-04-13 19:25:27,660 - model.pytorch.supervisor - INFO - evaluating now!
2022-04-13 19:25:28,365 - model.pytorch.supervisor - INFO - Epoch [11/200] (24) train_mae: 0.7307, val_mae: 0.8785
2022-04-13 19:25:31,845 - model.pytorch.supervisor - INFO - epoch complete
2022-04-13 19:25:31,845 - model.pytorch.supervisor - INFO - evaluating now!
2022-04-13 19:25:32,580 - model.pytorch.supervisor - INFO - Epoch [12/200] (26) train_mae: 0.7383, val_mae: 1.0479
2022-04-13 19:25:36,077 - model.pytorch.supervisor - INFO - epoch complete
2022-04-13 19:25:36,078 - model.pytorch.supervisor - INFO - evaluating now!
2022-04-13 19:25:36,839 - model.pytorch.supervisor - INFO - Epoch [13/200] (28) train_mae: 0.7288, val_mae: 1.2068
2022-04-13 19:25:40,134 - model.pytorch.supervisor - INFO - epoch complete
2022-04-13 19:25:40,134 - model.pytorch.supervisor - INFO - evaluating now!
2022-04-13 19:25:40,780 - model.pytorch.supervisor - INFO - Epoch [14/200] (30) train_mae: 0.6833, val_mae: 1.2186
2022-04-13 19:25:41,502 - model.pytorch.supervisor - INFO - Test: mae: 1.2793, mape: 19395.4180, rmse: 0.8630
2022-04-13 19:25:41,502 - model.pytorch.supervisor - INFO - Horizon 15mins: mae: 0.4278, mape: 25320.0371, rmse: 0.5059
2022-04-13 19:25:41,502 - model.pytorch.supervisor - INFO - Horizon 30mins: mae: 0.6701, mape: 20517.6172, rmse: 0.7386
2022-04-13 19:25:41,503 - model.pytorch.supervisor - INFO - Horizon 60mins: mae: 1.0969, mape: 9813.5928, rmse: 1.3039
2022-04-13 19:25:41,503 - model.pytorch.supervisor - INFO - Epoch [14/200] (30) train_mae: 0.6833, test_mae: 1.2793, lr: 0.005000, 3.3s, 3.9s
2022-04-13 19:25:44,611 - model.pytorch.supervisor - INFO - epoch complete
2022-04-13 19:25:44,611 - model.pytorch.supervisor - INFO - evaluating now!
2022-04-13 19:25:45,301 - model.pytorch.supervisor - INFO - Epoch [15/200] (32) train_mae: 0.8403, val_mae: 1.0129
2022-04-13 19:25:48,201 - model.pytorch.supervisor - INFO - epoch complete
2022-04-13 19:25:48,201 - model.pytorch.supervisor - INFO - evaluating now!
2022-04-13 19:25:48,832 - model.pytorch.supervisor - INFO - Epoch [16/200] (34) train_mae: 0.6558, val_mae: 0.6852
2022-04-13 19:25:51,824 - model.pytorch.supervisor - INFO - epoch complete
2022-04-13 19:25:51,825 - model.pytorch.supervisor - INFO - evaluating now!
2022-04-13 19:25:52,621 - model.pytorch.supervisor - INFO - Epoch [17/200] (36) train_mae: 0.6439, val_mae: 0.7282
2022-04-13 19:25:55,719 - model.pytorch.supervisor - INFO - epoch complete
2022-04-13 19:25:55,723 - model.pytorch.supervisor - INFO - evaluating now!
2022-04-13 19:25:56,292 - model.pytorch.supervisor - INFO - Epoch [18/200] (38) train_mae: 0.6280, val_mae: 0.7578
2022-04-13 19:25:59,337 - model.pytorch.supervisor - INFO - epoch complete
2022-04-13 19:25:59,341 - model.pytorch.supervisor - INFO - evaluating now!
2022-04-13 19:25:59,994 - model.pytorch.supervisor - INFO - Epoch [19/200] (40) train_mae: 0.6339, val_mae: 0.7687
2022-04-13 19:26:00,794 - model.pytorch.supervisor - INFO - Test: mae: 0.7785, mape: 29825.4238, rmse: 0.4127
2022-04-13 19:26:00,794 - model.pytorch.supervisor - INFO - Horizon 15mins: mae: 0.1600, mape: 29643.3047, rmse: 0.3233
2022-04-13 19:26:00,794 - model.pytorch.supervisor - INFO - Horizon 30mins: mae: 0.2273, mape: 29746.9629, rmse: 0.3942
2022-04-13 19:26:00,795 - model.pytorch.supervisor - INFO - Horizon 60mins: mae: 0.3190, mape: 29898.3555, rmse: 0.5252
2022-04-13 19:26:00,795 - model.pytorch.supervisor - INFO - Epoch [19/200] (40) train_mae: 0.6339, test_mae: 0.7785, lr: 0.000050, 3.0s, 3.7s
2022-04-13 19:26:03,997 - model.pytorch.supervisor - INFO - epoch complete
2022-04-13 19:26:03,997 - model.pytorch.supervisor - INFO - evaluating now!
2022-04-13 19:26:04,614 - model.pytorch.supervisor - INFO - Epoch [20/200] (42) train_mae: 0.6178, val_mae: 0.7048
2022-04-13 19:26:07,793 - model.pytorch.supervisor - INFO - epoch complete
2022-04-13 19:26:07,793 - model.pytorch.supervisor - INFO - evaluating now!
2022-04-13 19:26:08,415 - model.pytorch.supervisor - INFO - Epoch [21/200] (44) train_mae: 0.6091, val_mae: 0.7152
2022-04-13 19:26:11,738 - model.pytorch.supervisor - INFO - epoch complete
2022-04-13 19:26:11,739 - model.pytorch.supervisor - INFO - evaluating now!
2022-04-13 19:26:12,455 - model.pytorch.supervisor - INFO - Epoch [22/200] (46) train_mae: 0.6106, val_mae: 0.6685
2022-04-13 19:26:15,879 - model.pytorch.supervisor - INFO - epoch complete
2022-04-13 19:26:15,879 - model.pytorch.supervisor - INFO - evaluating now!
2022-04-13 19:26:16,740 - model.pytorch.supervisor - INFO - Epoch [23/200] (48) train_mae: 0.6016, val_mae: 0.7149
2022-04-13 19:26:20,334 - model.pytorch.supervisor - INFO - epoch complete
2022-04-13 19:26:20,334 - model.pytorch.supervisor - INFO - evaluating now!
2022-04-13 19:26:21,092 - model.pytorch.supervisor - INFO - Epoch [24/200] (50) train_mae: 0.5967, val_mae: 0.7342
2022-04-13 19:26:21,817 - model.pytorch.supervisor - INFO - Test: mae: 0.7234, mape: 28601.5488, rmse: 0.3954
2022-04-13 19:26:21,819 - model.pytorch.supervisor - INFO - Horizon 15mins: mae: 0.1361, mape: 28442.3359, rmse: 0.2994
2022-04-13 19:26:21,820 - model.pytorch.supervisor - INFO - Horizon 30mins: mae: 0.1932, mape: 28495.6855, rmse: 0.3717
2022-04-13 19:26:21,821 - model.pytorch.supervisor - INFO - Horizon 60mins: mae: 0.3306, mape: 28626.2930, rmse: 0.5106
2022-04-13 19:26:21,822 - model.pytorch.supervisor - INFO - Epoch [24/200] (50) train_mae: 0.5967, test_mae: 0.7234, lr: 0.000500, 3.6s, 4.4s
2022-04-13 19:26:25,708 - model.pytorch.supervisor - INFO - epoch complete
2022-04-13 19:26:25,708 - model.pytorch.supervisor - INFO - evaluating now!
2022-04-13 19:26:26,466 - model.pytorch.supervisor - INFO - Epoch [25/200] (52) train_mae: 0.5968, val_mae: 0.7816
2022-04-13 19:26:29,961 - model.pytorch.supervisor - INFO - epoch complete
2022-04-13 19:26:29,961 - model.pytorch.supervisor - INFO - evaluating now!
2022-04-13 19:26:30,742 - model.pytorch.supervisor - INFO - Epoch [26/200] (54) train_mae: 0.5891, val_mae: 0.6426
2022-04-13 19:26:34,060 - model.pytorch.supervisor - INFO - epoch complete
2022-04-13 19:26:34,063 - model.pytorch.supervisor - INFO - evaluating now!
2022-04-13 19:26:34,813 - model.pytorch.supervisor - INFO - Epoch [27/200] (56) train_mae: 0.5881, val_mae: 0.6477
2022-04-13 19:26:38,257 - model.pytorch.supervisor - INFO - epoch complete
2022-04-13 19:26:38,257 - model.pytorch.supervisor - INFO - evaluating now!
2022-04-13 19:26:38,889 - model.pytorch.supervisor - INFO - Epoch [28/200] (58) train_mae: 0.5838, val_mae: 0.6773
2022-04-13 19:26:41,764 - model.pytorch.supervisor - INFO - epoch complete
2022-04-13 19:26:41,765 - model.pytorch.supervisor - INFO - evaluating now!
2022-04-13 19:26:42,387 - model.pytorch.supervisor - INFO - Epoch [29/200] (60) train_mae: 0.5809, val_mae: 0.6864
2022-04-13 19:26:43,099 - model.pytorch.supervisor - INFO - Test: mae: 0.7133, mape: 28677.0508, rmse: 0.3962
2022-04-13 19:26:43,099 - model.pytorch.supervisor - INFO - Horizon 15mins: mae: 0.1138, mape: 28415.0117, rmse: 0.2881
2022-04-13 19:26:43,100 - model.pytorch.supervisor - INFO - Horizon 30mins: mae: 0.1774, mape: 28615.6719, rmse: 0.3693
2022-04-13 19:26:43,100 - model.pytorch.supervisor - INFO - Horizon 60mins: mae: 0.3535, mape: 28850.9355, rmse: 0.5276
2022-04-13 19:26:43,100 - model.pytorch.supervisor - INFO - Epoch [29/200] (60) train_mae: 0.5809, test_mae: 0.7133, lr: 0.000005, 2.9s, 3.5s
2022-04-13 19:26:46,313 - model.pytorch.supervisor - INFO - epoch complete
2022-04-13 19:26:46,313 - model.pytorch.supervisor - INFO - evaluating now!
2022-04-13 19:26:47,067 - model.pytorch.supervisor - INFO - Epoch [30/200] (62) train_mae: 0.5795, val_mae: 0.6715
2022-04-13 19:26:50,443 - model.pytorch.supervisor - INFO - epoch complete
2022-04-13 19:26:50,444 - model.pytorch.supervisor - INFO - evaluating now!
2022-04-13 19:26:51,093 - model.pytorch.supervisor - INFO - Epoch [31/200] (64) train_mae: 0.5781, val_mae: 0.6599
2022-04-13 19:26:54,090 - model.pytorch.supervisor - INFO - epoch complete
2022-04-13 19:26:54,090 - model.pytorch.supervisor - INFO - evaluating now!
2022-04-13 19:26:54,640 - model.pytorch.supervisor - INFO - Epoch [32/200] (66) train_mae: 0.5761, val_mae: 0.6712
2022-04-13 19:26:57,588 - model.pytorch.supervisor - INFO - epoch complete
2022-04-13 19:26:57,588 - model.pytorch.supervisor - INFO - evaluating now!
2022-04-13 19:26:58,277 - model.pytorch.supervisor - INFO - Epoch [33/200] (68) train_mae: 0.5738, val_mae: 0.6697
2022-04-13 19:27:01,316 - model.pytorch.supervisor - INFO - epoch complete
2022-04-13 19:27:01,316 - model.pytorch.supervisor - INFO - evaluating now!
2022-04-13 19:27:02,018 - model.pytorch.supervisor - INFO - Epoch [34/200] (70) train_mae: 0.5721, val_mae: 0.6480
2022-04-13 19:27:02,632 - model.pytorch.supervisor - INFO - Test: mae: 0.7396, mape: 28416.5938, rmse: 0.4125
2022-04-13 19:27:02,633 - model.pytorch.supervisor - INFO - Horizon 15mins: mae: 0.1079, mape: 28249.1191, rmse: 0.2810
2022-04-13 19:27:02,633 - model.pytorch.supervisor - INFO - Horizon 30mins: mae: 0.2245, mape: 28430.5234, rmse: 0.3859
2022-04-13 19:27:02,633 - model.pytorch.supervisor - INFO - Horizon 60mins: mae: 0.3939, mape: 28458.2539, rmse: 0.5561
2022-04-13 19:27:02,633 - model.pytorch.supervisor - INFO - Epoch [34/200] (70) train_mae: 0.5721, test_mae: 0.7396, lr: 0.000050, 3.0s, 3.7s
2022-04-13 19:27:05,708 - model.pytorch.supervisor - INFO - epoch complete
2022-04-13 19:27:05,708 - model.pytorch.supervisor - INFO - evaluating now!
2022-04-13 19:27:06,391 - model.pytorch.supervisor - INFO - Epoch [35/200] (72) train_mae: 0.5712, val_mae: 0.6540
2022-04-13 19:27:09,441 - model.pytorch.supervisor - INFO - epoch complete
2022-04-13 19:27:09,441 - model.pytorch.supervisor - INFO - evaluating now!
2022-04-13 19:27:10,249 - model.pytorch.supervisor - INFO - Epoch [36/200] (74) train_mae: 0.5699, val_mae: 0.6641
2022-04-13 19:27:13,478 - model.pytorch.supervisor - INFO - epoch complete
2022-04-13 19:27:13,478 - model.pytorch.supervisor - INFO - evaluating now!
2022-04-13 19:27:14,287 - model.pytorch.supervisor - INFO - Epoch [37/200] (76) train_mae: 0.5684, val_mae: 0.6363
2022-04-13 19:27:17,233 - model.pytorch.supervisor - INFO - epoch complete
2022-04-13 19:27:17,233 - model.pytorch.supervisor - INFO - evaluating now!
2022-04-13 19:27:17,866 - model.pytorch.supervisor - INFO - Epoch [38/200] (78) train_mae: 0.5671, val_mae: 0.6454
2022-04-13 19:27:21,079 - model.pytorch.supervisor - INFO - epoch complete
2022-04-13 19:27:21,079 - model.pytorch.supervisor - INFO - evaluating now!
2022-04-13 19:27:21,776 - model.pytorch.supervisor - INFO - Epoch [39/200] (80) train_mae: 0.5666, val_mae: 0.6622
2022-04-13 19:27:22,383 - model.pytorch.supervisor - INFO - Test: mae: 0.6896, mape: 28141.4766, rmse: 0.3736
2022-04-13 19:27:22,383 - model.pytorch.supervisor - INFO - Horizon 15mins: mae: 0.0799, mape: 28120.3906, rmse: 0.2686
2022-04-13 19:27:22,383 - model.pytorch.supervisor - INFO - Horizon 30mins: mae: 0.1696, mape: 28190.1055, rmse: 0.3541
2022-04-13 19:27:22,383 - model.pytorch.supervisor - INFO - Horizon 60mins: mae: 0.3210, mape: 27984.6152, rmse: 0.4949
2022-04-13 19:27:22,383 - model.pytorch.supervisor - INFO - Epoch [39/200] (80) train_mae: 0.5666, test_mae: 0.6896, lr: 0.000001, 3.2s, 3.9s
2022-04-13 19:27:25,682 - model.pytorch.supervisor - INFO - epoch complete
2022-04-13 19:27:25,682 - model.pytorch.supervisor - INFO - evaluating now!
2022-04-13 19:27:26,462 - model.pytorch.supervisor - INFO - Epoch [40/200] (82) train_mae: 0.5652, val_mae: 0.6326
2022-04-13 19:27:29,476 - model.pytorch.supervisor - INFO - epoch complete
2022-04-13 19:27:29,476 - model.pytorch.supervisor - INFO - evaluating now!
2022-04-13 19:27:30,109 - model.pytorch.supervisor - INFO - Epoch [41/200] (84) train_mae: 0.5645, val_mae: 0.6360
2022-04-13 19:27:33,001 - model.pytorch.supervisor - INFO - epoch complete
2022-04-13 19:27:33,001 - model.pytorch.supervisor - INFO - evaluating now!
2022-04-13 19:27:33,697 - model.pytorch.supervisor - INFO - Epoch [42/200] (86) train_mae: 0.5630, val_mae: 0.6570
2022-04-13 19:27:36,744 - model.pytorch.supervisor - INFO - epoch complete
2022-04-13 19:27:36,744 - model.pytorch.supervisor - INFO - evaluating now!
2022-04-13 19:27:37,440 - model.pytorch.supervisor - INFO - Epoch [43/200] (88) train_mae: 0.5618, val_mae: 0.6385
2022-04-13 19:27:40,350 - model.pytorch.supervisor - INFO - epoch complete
2022-04-13 19:27:40,350 - model.pytorch.supervisor - INFO - evaluating now!
2022-04-13 19:27:41,030 - model.pytorch.supervisor - INFO - Epoch [44/200] (90) train_mae: 0.5611, val_mae: 0.6395
2022-04-13 19:27:41,717 - model.pytorch.supervisor - INFO - Test: mae: 0.7173, mape: 28716.3125, rmse: 0.3985
2022-04-13 19:27:41,717 - model.pytorch.supervisor - INFO - Horizon 15mins: mae: 0.0950, mape: 28439.2207, rmse: 0.2723
2022-04-13 19:27:41,717 - model.pytorch.supervisor - INFO - Horizon 30mins: mae: 0.2019, mape: 28752.0664, rmse: 0.3752
2022-04-13 19:27:41,717 - model.pytorch.supervisor - INFO - Horizon 60mins: mae: 0.3665, mape: 28999.1602, rmse: 0.5387
2022-04-13 19:27:41,717 - model.pytorch.supervisor - INFO - Epoch [44/200] (90) train_mae: 0.5611, test_mae: 0.7173, lr: 0.000005, 2.9s, 3.6s
2022-04-13 19:27:44,820 - model.pytorch.supervisor - INFO - epoch complete
2022-04-13 19:27:44,820 - model.pytorch.supervisor - INFO - evaluating now!
2022-04-13 19:27:45,615 - model.pytorch.supervisor - INFO - Epoch [45/200] (92) train_mae: 0.5625, val_mae: 0.6387
2022-04-13 19:27:48,489 - model.pytorch.supervisor - INFO - epoch complete
2022-04-13 19:27:48,490 - model.pytorch.supervisor - INFO - evaluating now!
2022-04-13 19:27:49,126 - model.pytorch.supervisor - INFO - Epoch [46/200] (94) train_mae: 0.5608, val_mae: 0.6343
2022-04-13 19:27:52,039 - model.pytorch.supervisor - INFO - epoch complete
2022-04-13 19:27:52,039 - model.pytorch.supervisor - INFO - evaluating now!
2022-04-13 19:27:52,734 - model.pytorch.supervisor - INFO - Epoch [47/200] (96) train_mae: 0.5606, val_mae: 0.6471
2022-04-13 19:27:55,674 - model.pytorch.supervisor - INFO - epoch complete
2022-04-13 19:27:55,674 - model.pytorch.supervisor - INFO - evaluating now!
2022-04-13 19:27:56,338 - model.pytorch.supervisor - INFO - Epoch [48/200] (98) train_mae: 0.5607, val_mae: 0.6404
2022-04-13 19:27:59,338 - model.pytorch.supervisor - INFO - epoch complete
2022-04-13 19:27:59,339 - model.pytorch.supervisor - INFO - evaluating now!
2022-04-13 19:27:59,945 - model.pytorch.supervisor - INFO - Epoch [49/200] (100) train_mae: 0.5588, val_mae: 0.6344
2022-04-13 19:28:00,667 - model.pytorch.supervisor - INFO - Test: mae: 0.7190, mape: 28388.9688, rmse: 0.3955
2022-04-13 19:28:00,668 - model.pytorch.supervisor - INFO - Horizon 15mins: mae: 0.0927, mape: 28364.7012, rmse: 0.2682
2022-04-13 19:28:00,669 - model.pytorch.supervisor - INFO - Horizon 30mins: mae: 0.2006, mape: 28459.9883, rmse: 0.3705
2022-04-13 19:28:00,670 - model.pytorch.supervisor - INFO - Horizon 60mins: mae: 0.3797, mape: 28313.8320, rmse: 0.5384
2022-04-13 19:28:00,671 - model.pytorch.supervisor - INFO - Epoch [49/200] (100) train_mae: 0.5588, test_mae: 0.7190, lr: 0.000005, 3.0s, 3.6s
2022-04-13 19:28:03,788 - model.pytorch.supervisor - INFO - epoch complete
2022-04-13 19:28:03,788 - model.pytorch.supervisor - INFO - evaluating now!
2022-04-13 19:28:04,444 - model.pytorch.supervisor - INFO - Epoch [50/200] (102) train_mae: 0.5590, val_mae: 0.6383
2022-04-13 19:28:07,433 - model.pytorch.supervisor - INFO - epoch complete
2022-04-13 19:28:07,433 - model.pytorch.supervisor - INFO - evaluating now!
2022-04-13 19:28:08,121 - model.pytorch.supervisor - INFO - Epoch [51/200] (104) train_mae: 0.5574, val_mae: 0.6331
2022-04-13 19:28:11,121 - model.pytorch.supervisor - INFO - epoch complete
2022-04-13 19:28:11,121 - model.pytorch.supervisor - INFO - evaluating now!
2022-04-13 19:28:11,799 - model.pytorch.supervisor - INFO - Epoch [52/200] (106) train_mae: 0.5580, val_mae: 0.6274
2022-04-13 19:28:14,788 - model.pytorch.supervisor - INFO - epoch complete
2022-04-13 19:28:14,788 - model.pytorch.supervisor - INFO - evaluating now!
2022-04-13 19:28:15,385 - model.pytorch.supervisor - INFO - Epoch [53/200] (108) train_mae: 0.5576, val_mae: 0.6351
2022-04-13 19:28:18,377 - model.pytorch.supervisor - INFO - epoch complete
2022-04-13 19:28:18,381 - model.pytorch.supervisor - INFO - evaluating now!
2022-04-13 19:28:19,135 - model.pytorch.supervisor - INFO - Epoch [54/200] (110) train_mae: 0.5591, val_mae: 0.6486
2022-04-13 19:28:19,827 - model.pytorch.supervisor - INFO - Test: mae: 0.7103, mape: 28389.8984, rmse: 0.3864
2022-04-13 19:28:19,827 - model.pytorch.supervisor - INFO - Horizon 15mins: mae: 0.0866, mape: 28433.0996, rmse: 0.2659
2022-04-13 19:28:19,828 - model.pytorch.supervisor - INFO - Horizon 30mins: mae: 0.1899, mape: 28486.9434, rmse: 0.3625
2022-04-13 19:28:19,828 - model.pytorch.supervisor - INFO - Horizon 60mins: mae: 0.3708, mape: 28217.9941, rmse: 0.5239
2022-04-13 19:28:19,829 - model.pytorch.supervisor - INFO - Epoch [54/200] (110) train_mae: 0.5591, test_mae: 0.7103, lr: 0.000005, 3.0s, 3.7s
2022-04-13 19:28:22,675 - model.pytorch.supervisor - INFO - epoch complete
2022-04-13 19:28:22,675 - model.pytorch.supervisor - INFO - evaluating now!
2022-04-13 19:28:23,358 - model.pytorch.supervisor - INFO - Epoch [55/200] (112) train_mae: 0.5571, val_mae: 0.6230
2022-04-13 19:28:26,282 - model.pytorch.supervisor - INFO - epoch complete
2022-04-13 19:28:26,282 - model.pytorch.supervisor - INFO - evaluating now!
2022-04-13 19:28:26,820 - model.pytorch.supervisor - INFO - Epoch [56/200] (114) train_mae: 0.5581, val_mae: 0.6354
2022-04-13 19:28:29,845 - model.pytorch.supervisor - INFO - epoch complete
2022-04-13 19:28:29,845 - model.pytorch.supervisor - INFO - evaluating now!
2022-04-13 19:28:30,626 - model.pytorch.supervisor - INFO - Epoch [57/200] (116) train_mae: 0.5555, val_mae: 0.6260
2022-04-13 19:28:33,558 - model.pytorch.supervisor - INFO - epoch complete
2022-04-13 19:28:33,562 - model.pytorch.supervisor - INFO - evaluating now!
2022-04-13 19:28:34,243 - model.pytorch.supervisor - INFO - Epoch [58/200] (118) train_mae: 0.5548, val_mae: 0.6178
2022-04-13 19:28:37,275 - model.pytorch.supervisor - INFO - epoch complete
2022-04-13 19:28:37,276 - model.pytorch.supervisor - INFO - evaluating now!
2022-04-13 19:28:37,772 - model.pytorch.supervisor - INFO - Epoch [59/200] (120) train_mae: 0.5541, val_mae: 0.6561
2022-04-13 19:28:38,456 - model.pytorch.supervisor - INFO - Test: mae: 0.7312, mape: 28033.0449, rmse: 0.3915
2022-04-13 19:28:38,456 - model.pytorch.supervisor - INFO - Horizon 15mins: mae: 0.1012, mape: 28150.1484, rmse: 0.2652
2022-04-13 19:28:38,456 - model.pytorch.supervisor - INFO - Horizon 30mins: mae: 0.2105, mape: 28104.6387, rmse: 0.3663
2022-04-13 19:28:38,457 - model.pytorch.supervisor - INFO - Horizon 60mins: mae: 0.3984, mape: 27746.0898, rmse: 0.5326
2022-04-13 19:28:38,457 - model.pytorch.supervisor - INFO - Epoch [59/200] (120) train_mae: 0.5541, test_mae: 0.7312, lr: 0.000005, 3.0s, 3.5s
2022-04-13 19:28:41,328 - model.pytorch.supervisor - INFO - epoch complete
2022-04-13 19:28:41,328 - model.pytorch.supervisor - INFO - evaluating now!
2022-04-13 19:28:41,951 - model.pytorch.supervisor - INFO - Epoch [60/200] (122) train_mae: 0.5569, val_mae: 0.6218
2022-04-13 19:28:45,110 - model.pytorch.supervisor - INFO - epoch complete
2022-04-13 19:28:45,110 - model.pytorch.supervisor - INFO - evaluating now!
2022-04-13 19:28:45,817 - model.pytorch.supervisor - INFO - Epoch [61/200] (124) train_mae: 0.5548, val_mae: 0.6357
2022-04-13 19:28:49,234 - model.pytorch.supervisor - INFO - epoch complete
2022-04-13 19:28:49,234 - model.pytorch.supervisor - INFO - evaluating now!
2022-04-13 19:28:49,987 - model.pytorch.supervisor - INFO - Epoch [62/200] (126) train_mae: 0.5548, val_mae: 0.6561
2022-04-13 19:28:53,385 - model.pytorch.supervisor - INFO - epoch complete
2022-04-13 19:28:53,385 - model.pytorch.supervisor - INFO - evaluating now!
2022-04-13 19:28:54,088 - model.pytorch.supervisor - INFO - Epoch [63/200] (128) train_mae: 0.5562, val_mae: 0.6546
2022-04-13 19:28:57,020 - model.pytorch.supervisor - INFO - epoch complete
2022-04-13 19:28:57,020 - model.pytorch.supervisor - INFO - evaluating now!
2022-04-13 19:28:57,805 - model.pytorch.supervisor - INFO - Epoch [64/200] (130) train_mae: 0.5614, val_mae: 0.6655
2022-04-13 19:28:58,341 - model.pytorch.supervisor - INFO - Test: mae: 0.7545, mape: 27086.8027, rmse: 0.3969
2022-04-13 19:28:58,342 - model.pytorch.supervisor - INFO - Horizon 15mins: mae: 0.1148, mape: 27791.9512, rmse: 0.2657
2022-04-13 19:28:58,342 - model.pytorch.supervisor - INFO - Horizon 30mins: mae: 0.2366, mape: 27211.2500, rmse: 0.3724
2022-04-13 19:28:58,342 - model.pytorch.supervisor - INFO - Horizon 60mins: mae: 0.4259, mape: 25990.7676, rmse: 0.5372
2022-04-13 19:28:58,342 - model.pytorch.supervisor - INFO - Epoch [64/200] (130) train_mae: 0.5614, test_mae: 0.7545, lr: 0.000005, 2.9s, 3.7s
2022-04-13 19:29:01,356 - model.pytorch.supervisor - INFO - epoch complete
2022-04-13 19:29:01,358 - model.pytorch.supervisor - INFO - evaluating now!
2022-04-13 19:29:02,062 - model.pytorch.supervisor - INFO - Epoch [65/200] (132) train_mae: 0.5626, val_mae: 0.6217
2022-04-13 19:29:04,805 - model.pytorch.supervisor - INFO - epoch complete
2022-04-13 19:29:04,805 - model.pytorch.supervisor - INFO - evaluating now!
2022-04-13 19:29:05,487 - model.pytorch.supervisor - INFO - Epoch [66/200] (134) train_mae: 0.5553, val_mae: 0.6560
2022-04-13 19:29:08,399 - model.pytorch.supervisor - INFO - epoch complete
2022-04-13 19:29:08,399 - model.pytorch.supervisor - INFO - evaluating now!
2022-04-13 19:29:09,116 - model.pytorch.supervisor - INFO - Epoch [67/200] (136) train_mae: 0.5559, val_mae: 0.6227
2022-04-13 19:29:12,141 - model.pytorch.supervisor - INFO - epoch complete
2022-04-13 19:29:12,141 - model.pytorch.supervisor - INFO - evaluating now!
2022-04-13 19:29:12,748 - model.pytorch.supervisor - INFO - Epoch [68/200] (138) train_mae: 0.5557, val_mae: 0.6339
2022-04-13 19:29:15,769 - model.pytorch.supervisor - INFO - epoch complete
2022-04-13 19:29:15,770 - model.pytorch.supervisor - INFO - evaluating now!
2022-04-13 19:29:16,550 - model.pytorch.supervisor - INFO - Epoch [69/200] (140) train_mae: 0.5554, val_mae: 0.6360
2022-04-13 19:29:17,156 - model.pytorch.supervisor - INFO - Test: mae: 0.7214, mape: 27619.9785, rmse: 0.3969
2022-04-13 19:29:17,156 - model.pytorch.supervisor - INFO - Horizon 15mins: mae: 0.0816, mape: 27919.3516, rmse: 0.2611
2022-04-13 19:29:17,156 - model.pytorch.supervisor - INFO - Horizon 30mins: mae: 0.1999, mape: 27592.7207, rmse: 0.3652
2022-04-13 19:29:17,156 - model.pytorch.supervisor - INFO - Horizon 60mins: mae: 0.3860, mape: 27167.2559, rmse: 0.5477
2022-04-13 19:29:17,156 - model.pytorch.supervisor - INFO - Epoch [69/200] (140) train_mae: 0.5554, test_mae: 0.7214, lr: 0.000005, 3.0s, 3.8s
2022-04-13 19:29:19,981 - model.pytorch.supervisor - INFO - epoch complete
2022-04-13 19:29:19,981 - model.pytorch.supervisor - INFO - evaluating now!
2022-04-13 19:29:20,618 - model.pytorch.supervisor - INFO - Epoch [70/200] (142) train_mae: 0.5581, val_mae: 0.6299
2022-04-13 19:29:23,640 - model.pytorch.supervisor - INFO - epoch complete
2022-04-13 19:29:23,640 - model.pytorch.supervisor - INFO - evaluating now!
2022-04-13 19:29:24,272 - model.pytorch.supervisor - INFO - Epoch [71/200] (144) train_mae: 0.5551, val_mae: 0.5952
2022-04-13 19:29:27,200 - model.pytorch.supervisor - INFO - epoch complete
2022-04-13 19:29:27,202 - model.pytorch.supervisor - INFO - evaluating now!
2022-04-13 19:29:27,967 - model.pytorch.supervisor - INFO - Epoch [72/200] (146) train_mae: 0.5530, val_mae: 0.6357
2022-04-13 19:29:31,042 - model.pytorch.supervisor - INFO - epoch complete
2022-04-13 19:29:31,042 - model.pytorch.supervisor - INFO - evaluating now!
2022-04-13 19:29:31,845 - model.pytorch.supervisor - INFO - Epoch [73/200] (148) train_mae: 0.5521, val_mae: 0.6302
2022-04-13 19:29:35,569 - model.pytorch.supervisor - INFO - epoch complete
2022-04-13 19:29:35,569 - model.pytorch.supervisor - INFO - evaluating now!
2022-04-13 19:29:36,426 - model.pytorch.supervisor - INFO - Epoch [74/200] (150) train_mae: 0.5493, val_mae: 0.6199
2022-04-13 19:29:37,293 - model.pytorch.supervisor - INFO - Test: mae: 0.7402, mape: 28628.2676, rmse: 0.4188
2022-04-13 19:29:37,294 - model.pytorch.supervisor - INFO - Horizon 15mins: mae: 0.0972, mape: 28427.2793, rmse: 0.2666
2022-04-13 19:29:37,295 - model.pytorch.supervisor - INFO - Horizon 30mins: mae: 0.2198, mape: 28572.1992, rmse: 0.3831
2022-04-13 19:29:37,296 - model.pytorch.supervisor - INFO - Horizon 60mins: mae: 0.4189, mape: 28898.4102, rmse: 0.5849
2022-04-13 19:29:37,298 - model.pytorch.supervisor - INFO - Epoch [74/200] (150) train_mae: 0.5493, test_mae: 0.7402, lr: 0.000005, 3.7s, 4.6s
2022-04-13 19:29:41,274 - model.pytorch.supervisor - INFO - epoch complete
2022-04-13 19:29:41,275 - model.pytorch.supervisor - INFO - evaluating now!
2022-04-13 19:29:42,132 - model.pytorch.supervisor - INFO - Epoch [75/200] (152) train_mae: 0.5498, val_mae: 0.6117
2022-04-13 19:29:45,185 - model.pytorch.supervisor - INFO - epoch complete
2022-04-13 19:29:45,185 - model.pytorch.supervisor - INFO - evaluating now!
2022-04-13 19:29:45,740 - model.pytorch.supervisor - INFO - Epoch [76/200] (154) train_mae: 0.5481, val_mae: 0.6276
2022-04-13 19:29:49,033 - model.pytorch.supervisor - INFO - epoch complete
2022-04-13 19:29:49,034 - model.pytorch.supervisor - INFO - evaluating now!
2022-04-13 19:29:49,725 - model.pytorch.supervisor - INFO - Epoch [77/200] (156) train_mae: 0.5490, val_mae: 0.6298
2022-04-13 19:29:52,735 - model.pytorch.supervisor - INFO - epoch complete
2022-04-13 19:29:52,735 - model.pytorch.supervisor - INFO - evaluating now!
2022-04-13 19:29:53,334 - model.pytorch.supervisor - INFO - Epoch [78/200] (158) train_mae: 0.5473, val_mae: 0.6236
2022-04-13 19:29:56,281 - model.pytorch.supervisor - INFO - epoch complete
2022-04-13 19:29:56,281 - model.pytorch.supervisor - INFO - evaluating now!
2022-04-13 19:29:56,984 - model.pytorch.supervisor - INFO - Epoch [79/200] (160) train_mae: 0.5469, val_mae: 0.6078
2022-04-13 19:29:57,684 - model.pytorch.supervisor - INFO - Test: mae: 0.7450, mape: 28486.3496, rmse: 0.4203
2022-04-13 19:29:57,684 - model.pytorch.supervisor - INFO - Horizon 15mins: mae: 0.1019, mape: 28500.0078, rmse: 0.2671
2022-04-13 19:29:57,684 - model.pytorch.supervisor - INFO - Horizon 30mins: mae: 0.2246, mape: 28456.0703, rmse: 0.3852
2022-04-13 19:29:57,685 - model.pytorch.supervisor - INFO - Horizon 60mins: mae: 0.4208, mape: 28439.1602, rmse: 0.5844
2022-04-13 19:29:57,685 - model.pytorch.supervisor - INFO - Epoch [79/200] (160) train_mae: 0.5469, test_mae: 0.7450, lr: 0.000005, 2.9s, 3.6s
2022-04-13 19:30:00,941 - model.pytorch.supervisor - INFO - epoch complete
2022-04-13 19:30:00,941 - model.pytorch.supervisor - INFO - evaluating now!
2022-04-13 19:30:01,674 - model.pytorch.supervisor - INFO - Epoch [80/200] (162) train_mae: 0.5469, val_mae: 0.6271
2022-04-13 19:30:04,453 - model.pytorch.supervisor - INFO - epoch complete
2022-04-13 19:30:04,454 - model.pytorch.supervisor - INFO - evaluating now!
2022-04-13 19:30:05,514 - model.pytorch.supervisor - INFO - Epoch [81/200] (164) train_mae: 0.5464, val_mae: 0.6263
2022-04-13 19:30:08,919 - model.pytorch.supervisor - INFO - epoch complete
2022-04-13 19:30:08,920 - model.pytorch.supervisor - INFO - evaluating now!
2022-04-13 19:30:09,397 - model.pytorch.supervisor - INFO - Epoch [82/200] (166) train_mae: 0.5468, val_mae: 0.6484
2022-04-13 19:30:11,346 - model.pytorch.supervisor - INFO - epoch complete
2022-04-13 19:30:11,347 - model.pytorch.supervisor - INFO - evaluating now!
2022-04-13 19:30:11,794 - model.pytorch.supervisor - INFO - Epoch [83/200] (168) train_mae: 0.5486, val_mae: 0.6185
2022-04-13 19:30:13,766 - model.pytorch.supervisor - INFO - epoch complete
2022-04-13 19:30:13,767 - model.pytorch.supervisor - INFO - evaluating now!
2022-04-13 19:30:14,291 - model.pytorch.supervisor - INFO - Epoch [84/200] (170) train_mae: 0.5480, val_mae: 0.6234
2022-04-13 19:30:14,762 - model.pytorch.supervisor - INFO - Test: mae: 0.7290, mape: 28485.9512, rmse: 0.4051
2022-04-13 19:30:14,762 - model.pytorch.supervisor - INFO - Horizon 15mins: mae: 0.0856, mape: 28276.0117, rmse: 0.2602
2022-04-13 19:30:14,762 - model.pytorch.supervisor - INFO - Horizon 30mins: mae: 0.2036, mape: 28348.0645, rmse: 0.3689
2022-04-13 19:30:14,763 - model.pytorch.supervisor - INFO - Horizon 60mins: mae: 0.4119, mape: 28845.5449, rmse: 0.5674
2022-04-13 19:30:14,763 - model.pytorch.supervisor - INFO - Epoch [84/200] (170) train_mae: 0.5480, test_mae: 0.7290, lr: 0.000005, 2.0s, 2.5s
2022-04-13 19:30:16,778 - model.pytorch.supervisor - INFO - epoch complete
2022-04-13 19:30:16,778 - model.pytorch.supervisor - INFO - evaluating now!
2022-04-13 19:30:17,237 - model.pytorch.supervisor - INFO - Epoch [85/200] (172) train_mae: 0.5470, val_mae: 0.6166
2022-04-13 19:30:19,034 - model.pytorch.supervisor - INFO - epoch complete
2022-04-13 19:30:19,035 - model.pytorch.supervisor - INFO - evaluating now!
2022-04-13 19:30:19,401 - model.pytorch.supervisor - INFO - Epoch [86/200] (174) train_mae: 0.5460, val_mae: 0.6177
2022-04-13 19:30:21,271 - model.pytorch.supervisor - INFO - epoch complete
2022-04-13 19:30:21,271 - model.pytorch.supervisor - INFO - evaluating now!
2022-04-13 19:30:21,688 - model.pytorch.supervisor - INFO - Epoch [87/200] (176) train_mae: 0.5466, val_mae: 0.6245
2022-04-13 19:30:23,503 - model.pytorch.supervisor - INFO - epoch complete
2022-04-13 19:30:23,503 - model.pytorch.supervisor - INFO - evaluating now!
2022-04-13 19:30:23,903 - model.pytorch.supervisor - INFO - Epoch [88/200] (178) train_mae: 0.5462, val_mae: 0.6251
2022-04-13 19:30:25,761 - model.pytorch.supervisor - INFO - epoch complete
2022-04-13 19:30:25,762 - model.pytorch.supervisor - INFO - evaluating now!
2022-04-13 19:30:26,188 - model.pytorch.supervisor - INFO - Epoch [89/200] (180) train_mae: 0.5480, val_mae: 0.6203
2022-04-13 19:30:26,622 - model.pytorch.supervisor - INFO - Test: mae: 0.7310, mape: 28068.9512, rmse: 0.4078
2022-04-13 19:30:26,622 - model.pytorch.supervisor - INFO - Horizon 15mins: mae: 0.0851, mape: 28077.5273, rmse: 0.2598
2022-04-13 19:30:26,623 - model.pytorch.supervisor - INFO - Horizon 30mins: mae: 0.2078, mape: 27979.9746, rmse: 0.3701
2022-04-13 19:30:26,623 - model.pytorch.supervisor - INFO - Horizon 60mins: mae: 0.4100, mape: 28084.2383, rmse: 0.5723
2022-04-13 19:30:26,623 - model.pytorch.supervisor - INFO - Epoch [89/200] (180) train_mae: 0.5480, test_mae: 0.7310, lr: 0.000005, 1.9s, 2.3s
2022-04-13 19:30:28,449 - model.pytorch.supervisor - INFO - epoch complete
2022-04-13 19:30:28,449 - model.pytorch.supervisor - INFO - evaluating now!
2022-04-13 19:30:28,813 - model.pytorch.supervisor - INFO - Epoch [90/200] (182) train_mae: 0.5461, val_mae: 0.6338
2022-04-13 19:30:30,452 - model.pytorch.supervisor - INFO - epoch complete
2022-04-13 19:30:30,452 - model.pytorch.supervisor - INFO - evaluating now!
2022-04-13 19:30:30,824 - model.pytorch.supervisor - INFO - Epoch [91/200] (184) train_mae: 0.5472, val_mae: 0.6244
2022-04-13 19:30:32,488 - model.pytorch.supervisor - INFO - epoch complete
2022-04-13 19:30:32,488 - model.pytorch.supervisor - INFO - evaluating now!
2022-04-13 19:30:32,871 - model.pytorch.supervisor - INFO - Epoch [92/200] (186) train_mae: 0.5466, val_mae: 0.5878
2022-04-13 19:30:34,553 - model.pytorch.supervisor - INFO - epoch complete
2022-04-13 19:30:34,553 - model.pytorch.supervisor - INFO - evaluating now!
2022-04-13 19:30:34,927 - model.pytorch.supervisor - INFO - Epoch [93/200] (188) train_mae: 0.5468, val_mae: 0.6155
2022-04-13 19:30:36,638 - model.pytorch.supervisor - INFO - epoch complete
2022-04-13 19:30:36,639 - model.pytorch.supervisor - INFO - evaluating now!
2022-04-13 19:30:37,045 - model.pytorch.supervisor - INFO - Epoch [94/200] (190) train_mae: 0.5450, val_mae: 0.6218
2022-04-13 19:30:37,467 - model.pytorch.supervisor - INFO - Test: mae: 0.7260, mape: 28186.1328, rmse: 0.4068
2022-04-13 19:30:37,468 - model.pytorch.supervisor - INFO - Horizon 15mins: mae: 0.0862, mape: 28393.6367, rmse: 0.2613
2022-04-13 19:30:37,468 - model.pytorch.supervisor - INFO - Horizon 30mins: mae: 0.2021, mape: 28153.8184, rmse: 0.3716
2022-04-13 19:30:37,468 - model.pytorch.supervisor - INFO - Horizon 60mins: mae: 0.3978, mape: 27928.8301, rmse: 0.5677
2022-04-13 19:30:37,468 - model.pytorch.supervisor - INFO - Epoch [94/200] (190) train_mae: 0.5450, test_mae: 0.7260, lr: 0.000005, 1.7s, 2.1s
2022-04-13 19:30:39,198 - model.pytorch.supervisor - INFO - epoch complete
2022-04-13 19:30:39,198 - model.pytorch.supervisor - INFO - evaluating now!
2022-04-13 19:30:39,598 - model.pytorch.supervisor - INFO - Epoch [95/200] (192) train_mae: 0.5452, val_mae: 0.6003
2022-04-13 19:30:41,443 - model.pytorch.supervisor - INFO - epoch complete
2022-04-13 19:30:41,444 - model.pytorch.supervisor - INFO - evaluating now!
2022-04-13 19:30:41,851 - model.pytorch.supervisor - INFO - Epoch [96/200] (194) train_mae: 0.5444, val_mae: 0.6388
2022-04-13 19:30:43,623 - model.pytorch.supervisor - INFO - epoch complete
2022-04-13 19:30:43,623 - model.pytorch.supervisor - INFO - evaluating now!
2022-04-13 19:30:43,997 - model.pytorch.supervisor - INFO - Epoch [97/200] (196) train_mae: 0.5461, val_mae: 0.6225
2022-04-13 19:30:45,847 - model.pytorch.supervisor - INFO - epoch complete
2022-04-13 19:30:45,847 - model.pytorch.supervisor - INFO - evaluating now!
2022-04-13 19:30:46,218 - model.pytorch.supervisor - INFO - Epoch [98/200] (198) train_mae: 0.5468, val_mae: 0.6116
2022-04-13 19:30:47,918 - model.pytorch.supervisor - INFO - epoch complete
2022-04-13 19:30:47,918 - model.pytorch.supervisor - INFO - evaluating now!
2022-04-13 19:30:48,290 - model.pytorch.supervisor - INFO - Epoch [99/200] (200) train_mae: 0.5440, val_mae: 0.6209
2022-04-13 19:30:48,654 - model.pytorch.supervisor - INFO - Test: mae: 0.7432, mape: 28889.0566, rmse: 0.4180
2022-04-13 19:30:48,655 - model.pytorch.supervisor - INFO - Horizon 15mins: mae: 0.0993, mape: 28450.4512, rmse: 0.2642
2022-04-13 19:30:48,655 - model.pytorch.supervisor - INFO - Horizon 30mins: mae: 0.2182, mape: 28708.4805, rmse: 0.3814
2022-04-13 19:30:48,655 - model.pytorch.supervisor - INFO - Horizon 60mins: mae: 0.4279, mape: 29609.9062, rmse: 0.5855
2022-04-13 19:30:48,655 - model.pytorch.supervisor - INFO - Epoch [99/200] (200) train_mae: 0.5440, test_mae: 0.7432, lr: 0.000005, 1.7s, 2.1s
2022-04-13 19:30:50,360 - model.pytorch.supervisor - INFO - epoch complete
2022-04-13 19:30:50,360 - model.pytorch.supervisor - INFO - evaluating now!
2022-04-13 19:30:50,734 - model.pytorch.supervisor - INFO - Epoch [100/200] (202) train_mae: 0.5470, val_mae: 0.6274
2022-04-13 19:30:52,439 - model.pytorch.supervisor - INFO - epoch complete
2022-04-13 19:30:52,439 - model.pytorch.supervisor - INFO - evaluating now!
2022-04-13 19:30:52,820 - model.pytorch.supervisor - INFO - Epoch [101/200] (204) train_mae: 0.5449, val_mae: 0.6184
2022-04-13 19:30:54,473 - model.pytorch.supervisor - INFO - epoch complete
2022-04-13 19:30:54,474 - model.pytorch.supervisor - INFO - evaluating now!
2022-04-13 19:30:54,852 - model.pytorch.supervisor - INFO - Epoch [102/200] (206) train_mae: 0.5452, val_mae: 0.6212
2022-04-13 19:30:56,527 - model.pytorch.supervisor - INFO - epoch complete
2022-04-13 19:30:56,527 - model.pytorch.supervisor - INFO - evaluating now!
2022-04-13 19:30:56,883 - model.pytorch.supervisor - INFO - Epoch [103/200] (208) train_mae: 0.5472, val_mae: 0.6366
2022-04-13 19:30:58,586 - model.pytorch.supervisor - INFO - epoch complete
2022-04-13 19:30:58,586 - model.pytorch.supervisor - INFO - evaluating now!
2022-04-13 19:30:58,960 - model.pytorch.supervisor - INFO - Epoch [104/200] (210) train_mae: 0.5457, val_mae: 0.6045
2022-04-13 19:30:59,335 - model.pytorch.supervisor - INFO - Test: mae: 0.7525, mape: 27940.0684, rmse: 0.4265
2022-04-13 19:30:59,335 - model.pytorch.supervisor - INFO - Horizon 15mins: mae: 0.0925, mape: 28038.7129, rmse: 0.2592
2022-04-13 19:30:59,335 - model.pytorch.supervisor - INFO - Horizon 30mins: mae: 0.2271, mape: 27883.6797, rmse: 0.3809
2022-04-13 19:30:59,335 - model.pytorch.supervisor - INFO - Horizon 60mins: mae: 0.4525, mape: 27783.8516, rmse: 0.6096
2022-04-13 19:30:59,336 - model.pytorch.supervisor - INFO - Epoch [104/200] (210) train_mae: 0.5457, test_mae: 0.7525, lr: 0.000005, 1.7s, 2.1s
2022-04-13 19:31:01,004 - model.pytorch.supervisor - INFO - epoch complete
2022-04-13 19:31:01,004 - model.pytorch.supervisor - INFO - evaluating now!
2022-04-13 19:31:01,373 - model.pytorch.supervisor - INFO - Epoch [105/200] (212) train_mae: 0.5450, val_mae: 0.6191
2022-04-13 19:31:03,078 - model.pytorch.supervisor - INFO - epoch complete
2022-04-13 19:31:03,078 - model.pytorch.supervisor - INFO - evaluating now!
2022-04-13 19:31:03,469 - model.pytorch.supervisor - INFO - Epoch [106/200] (214) train_mae: 0.5438, val_mae: 0.6219
2022-04-13 19:31:05,200 - model.pytorch.supervisor - INFO - epoch complete
2022-04-13 19:31:05,200 - model.pytorch.supervisor - INFO - evaluating now!
2022-04-13 19:31:05,582 - model.pytorch.supervisor - INFO - Epoch [107/200] (216) train_mae: 0.5442, val_mae: 0.6205
2022-04-13 19:31:07,315 - model.pytorch.supervisor - INFO - epoch complete
2022-04-13 19:31:07,315 - model.pytorch.supervisor - INFO - evaluating now!
2022-04-13 19:31:07,697 - model.pytorch.supervisor - INFO - Epoch [108/200] (218) train_mae: 0.5430, val_mae: 0.6095
2022-04-13 19:31:09,477 - model.pytorch.supervisor - INFO - epoch complete
2022-04-13 19:31:09,477 - model.pytorch.supervisor - INFO - evaluating now!
2022-04-13 19:31:09,869 - model.pytorch.supervisor - INFO - Epoch [109/200] (220) train_mae: 0.5443, val_mae: 0.6348
2022-04-13 19:31:10,248 - model.pytorch.supervisor - INFO - Test: mae: 0.7141, mape: 27846.4980, rmse: 0.3935
2022-04-13 19:31:10,248 - model.pytorch.supervisor - INFO - Horizon 15mins: mae: 0.0842, mape: 28101.9551, rmse: 0.2567
2022-04-13 19:31:10,249 - model.pytorch.supervisor - INFO - Horizon 30mins: mae: 0.1907, mape: 27778.7168, rmse: 0.3614
2022-04-13 19:31:10,249 - model.pytorch.supervisor - INFO - Horizon 60mins: mae: 0.3770, mape: 27565.6191, rmse: 0.5455
2022-04-13 19:31:10,249 - model.pytorch.supervisor - INFO - Epoch [109/200] (220) train_mae: 0.5443, test_mae: 0.7141, lr: 0.000005, 1.8s, 2.2s
2022-04-13 19:31:12,858 - model.pytorch.supervisor - INFO - epoch complete
2022-04-13 19:31:12,858 - model.pytorch.supervisor - INFO - evaluating now!
2022-04-13 19:31:13,264 - model.pytorch.supervisor - INFO - Epoch [110/200] (222) train_mae: 0.5426, val_mae: 0.6351
2022-04-13 19:31:15,318 - model.pytorch.supervisor - INFO - epoch complete
2022-04-13 19:31:15,318 - model.pytorch.supervisor - INFO - evaluating now!
2022-04-13 19:31:15,829 - model.pytorch.supervisor - INFO - Epoch [111/200] (224) train_mae: 0.5446, val_mae: 0.6071
2022-04-13 19:31:18,247 - model.pytorch.supervisor - INFO - epoch complete
2022-04-13 19:31:18,247 - model.pytorch.supervisor - INFO - evaluating now!
2022-04-13 19:31:18,727 - model.pytorch.supervisor - INFO - Epoch [112/200] (226) train_mae: 0.5426, val_mae: 0.6235
2022-04-13 19:31:20,685 - model.pytorch.supervisor - INFO - epoch complete
2022-04-13 19:31:20,685 - model.pytorch.supervisor - INFO - evaluating now!
2022-04-13 19:31:21,085 - model.pytorch.supervisor - INFO - Epoch [113/200] (228) train_mae: 0.5432, val_mae: 0.6553
2022-04-13 19:31:22,899 - model.pytorch.supervisor - INFO - epoch complete
2022-04-13 19:31:22,899 - model.pytorch.supervisor - INFO - evaluating now!
2022-04-13 19:31:23,311 - model.pytorch.supervisor - INFO - Epoch [114/200] (230) train_mae: 0.5472, val_mae: 0.6046
2022-04-13 19:31:23,754 - model.pytorch.supervisor - INFO - Test: mae: 0.7855, mape: 29345.1250, rmse: 0.4598
2022-04-13 19:31:23,754 - model.pytorch.supervisor - INFO - Horizon 15mins: mae: 0.1252, mape: 28969.4961, rmse: 0.2763
2022-04-13 19:31:23,754 - model.pytorch.supervisor - INFO - Horizon 30mins: mae: 0.2648, mape: 29257.4043, rmse: 0.4170
2022-04-13 19:31:23,755 - model.pytorch.supervisor - INFO - Horizon 60mins: mae: 0.4854, mape: 29921.2559, rmse: 0.6500
2022-04-13 19:31:23,755 - model.pytorch.supervisor - INFO - Epoch [114/200] (230) train_mae: 0.5472, test_mae: 0.7855, lr: 0.000005, 1.8s, 2.2s
2022-04-13 19:31:25,856 - model.pytorch.supervisor - INFO - epoch complete
2022-04-13 19:31:25,857 - model.pytorch.supervisor - INFO - evaluating now!
2022-04-13 19:31:26,331 - model.pytorch.supervisor - INFO - Epoch [115/200] (232) train_mae: 0.5502, val_mae: 0.6420
2022-04-13 19:31:28,253 - model.pytorch.supervisor - INFO - epoch complete
2022-04-13 19:31:28,254 - model.pytorch.supervisor - INFO - evaluating now!
2022-04-13 19:31:28,705 - model.pytorch.supervisor - INFO - Epoch [116/200] (234) train_mae: 0.5464, val_mae: 0.6020
2022-04-13 19:31:30,654 - model.pytorch.supervisor - INFO - epoch complete
2022-04-13 19:31:30,655 - model.pytorch.supervisor - INFO - evaluating now!
2022-04-13 19:31:31,060 - model.pytorch.supervisor - INFO - Epoch [117/200] (236) train_mae: 0.5462, val_mae: 0.6378
2022-04-13 19:31:32,976 - model.pytorch.supervisor - INFO - epoch complete
2022-04-13 19:31:32,976 - model.pytorch.supervisor - INFO - evaluating now!
2022-04-13 19:31:33,437 - model.pytorch.supervisor - INFO - Epoch [118/200] (238) train_mae: 0.5464, val_mae: 0.6164
2022-04-13 19:31:35,367 - model.pytorch.supervisor - INFO - epoch complete
2022-04-13 19:31:35,367 - model.pytorch.supervisor - INFO - evaluating now!
2022-04-13 19:31:35,779 - model.pytorch.supervisor - INFO - Epoch [119/200] (240) train_mae: 0.5462, val_mae: 0.6118
2022-04-13 19:31:36,187 - model.pytorch.supervisor - INFO - Test: mae: 0.7714, mape: 28661.0898, rmse: 0.4369
2022-04-13 19:31:36,187 - model.pytorch.supervisor - INFO - Horizon 15mins: mae: 0.1189, mape: 28440.0039, rmse: 0.2667
2022-04-13 19:31:36,187 - model.pytorch.supervisor - INFO - Horizon 30mins: mae: 0.2532, mape: 28561.1367, rmse: 0.3992
2022-04-13 19:31:36,187 - model.pytorch.supervisor - INFO - Horizon 60mins: mae: 0.4582, mape: 28997.7129, rmse: 0.6121
2022-04-13 19:31:36,188 - model.pytorch.supervisor - INFO - Epoch [119/200] (240) train_mae: 0.5462, test_mae: 0.7714, lr: 0.000005, 1.9s, 2.3s
2022-04-13 19:31:37,991 - model.pytorch.supervisor - INFO - epoch complete
2022-04-13 19:31:37,991 - model.pytorch.supervisor - INFO - evaluating now!
2022-04-13 19:31:38,397 - model.pytorch.supervisor - INFO - Epoch [120/200] (242) train_mae: 0.5445, val_mae: 0.6024
2022-04-13 19:31:40,230 - model.pytorch.supervisor - INFO - epoch complete
2022-04-13 19:31:40,230 - model.pytorch.supervisor - INFO - evaluating now!
2022-04-13 19:31:40,619 - model.pytorch.supervisor - INFO - Epoch [121/200] (244) train_mae: 0.5444, val_mae: 0.6301
2022-04-13 19:31:42,423 - model.pytorch.supervisor - INFO - epoch complete
2022-04-13 19:31:42,423 - model.pytorch.supervisor - INFO - evaluating now!
2022-04-13 19:31:42,825 - model.pytorch.supervisor - INFO - Epoch [122/200] (246) train_mae: 0.5489, val_mae: 0.6140
2022-04-13 19:31:44,617 - model.pytorch.supervisor - INFO - epoch complete
2022-04-13 19:31:44,617 - model.pytorch.supervisor - INFO - evaluating now!
2022-04-13 19:31:45,024 - model.pytorch.supervisor - INFO - Epoch [123/200] (248) train_mae: 0.5458, val_mae: 0.5989
2022-04-13 19:31:46,823 - model.pytorch.supervisor - INFO - epoch complete
2022-04-13 19:31:46,823 - model.pytorch.supervisor - INFO - evaluating now!
2022-04-13 19:31:47,224 - model.pytorch.supervisor - INFO - Epoch [124/200] (250) train_mae: 0.5457, val_mae: 0.6144
2022-04-13 19:31:47,660 - model.pytorch.supervisor - INFO - Test: mae: 0.7769, mape: 28720.6074, rmse: 0.4471
2022-04-13 19:31:47,660 - model.pytorch.supervisor - INFO - Horizon 15mins: mae: 0.1133, mape: 28229.1035, rmse: 0.2626
2022-04-13 19:31:47,660 - model.pytorch.supervisor - INFO - Horizon 30mins: mae: 0.2492, mape: 28565.9316, rmse: 0.3968
2022-04-13 19:31:47,660 - model.pytorch.supervisor - INFO - Horizon 60mins: mae: 0.4849, mape: 29440.9297, rmse: 0.6445
2022-04-13 19:31:47,660 - model.pytorch.supervisor - INFO - Epoch [124/200] (250) train_mae: 0.5457, test_mae: 0.7769, lr: 0.000005, 1.8s, 2.2s
2022-04-13 19:31:49,534 - model.pytorch.supervisor - INFO - epoch complete
2022-04-13 19:31:49,534 - model.pytorch.supervisor - INFO - evaluating now!
2022-04-13 19:31:49,935 - model.pytorch.supervisor - INFO - Epoch [125/200] (252) train_mae: 0.5485, val_mae: 0.6187
2022-04-13 19:31:51,727 - model.pytorch.supervisor - INFO - epoch complete
2022-04-13 19:31:51,728 - model.pytorch.supervisor - INFO - evaluating now!
2022-04-13 19:31:52,118 - model.pytorch.supervisor - INFO - Epoch [126/200] (254) train_mae: 0.5460, val_mae: 0.5906
2022-04-13 19:31:53,906 - model.pytorch.supervisor - INFO - epoch complete
2022-04-13 19:31:53,906 - model.pytorch.supervisor - INFO - evaluating now!
2022-04-13 19:31:54,302 - model.pytorch.supervisor - INFO - Epoch [127/200] (256) train_mae: 0.5485, val_mae: 0.6231
2022-04-13 19:31:56,102 - model.pytorch.supervisor - INFO - epoch complete
2022-04-13 19:31:56,102 - model.pytorch.supervisor - INFO - evaluating now!
2022-04-13 19:31:56,510 - model.pytorch.supervisor - INFO - Epoch [128/200] (258) train_mae: 0.5457, val_mae: 0.6346
2022-04-13 19:31:58,303 - model.pytorch.supervisor - INFO - epoch complete
2022-04-13 19:31:58,303 - model.pytorch.supervisor - INFO - evaluating now!
2022-04-13 19:31:58,705 - model.pytorch.supervisor - INFO - Epoch [129/200] (260) train_mae: 0.5447, val_mae: 0.6263
2022-04-13 19:31:59,109 - model.pytorch.supervisor - INFO - Test: mae: 0.7599, mape: 27348.6445, rmse: 0.4172
2022-04-13 19:31:59,109 - model.pytorch.supervisor - INFO - Horizon 15mins: mae: 0.1027, mape: 27671.5273, rmse: 0.2570
2022-04-13 19:31:59,109 - model.pytorch.supervisor - INFO - Horizon 30mins: mae: 0.2328, mape: 27248.3984, rmse: 0.3767
2022-04-13 19:31:59,109 - model.pytorch.supervisor - INFO - Horizon 60mins: mae: 0.4572, mape: 26937.9414, rmse: 0.5872
2022-04-13 19:31:59,110 - model.pytorch.supervisor - INFO - Epoch [129/200] (260) train_mae: 0.5447, test_mae: 0.7599, lr: 0.000005, 1.8s, 2.2s
2022-04-13 19:32:00,914 - model.pytorch.supervisor - INFO - epoch complete
2022-04-13 19:32:00,914 - model.pytorch.supervisor - INFO - evaluating now!
2022-04-13 19:32:01,300 - model.pytorch.supervisor - INFO - Epoch [130/200] (262) train_mae: 0.5450, val_mae: 0.5971
2022-04-13 19:32:03,123 - model.pytorch.supervisor - INFO - epoch complete
2022-04-13 19:32:03,123 - model.pytorch.supervisor - INFO - evaluating now!
2022-04-13 19:32:03,520 - model.pytorch.supervisor - INFO - Epoch [131/200] (264) train_mae: 0.5437, val_mae: 0.6570
2022-04-13 19:32:05,327 - model.pytorch.supervisor - INFO - epoch complete
2022-04-13 19:32:05,327 - model.pytorch.supervisor - INFO - evaluating now!
2022-04-13 19:32:05,731 - model.pytorch.supervisor - INFO - Epoch [132/200] (266) train_mae: 0.5439, val_mae: 0.5854
2022-04-13 19:32:07,526 - model.pytorch.supervisor - INFO - epoch complete
2022-04-13 19:32:07,527 - model.pytorch.supervisor - INFO - evaluating now!
2022-04-13 19:32:07,926 - model.pytorch.supervisor - INFO - Epoch [133/200] (268) train_mae: 0.5429, val_mae: 0.6163
2022-04-13 19:32:09,727 - model.pytorch.supervisor - INFO - epoch complete
2022-04-13 19:32:09,727 - model.pytorch.supervisor - INFO - evaluating now!
2022-04-13 19:32:10,115 - model.pytorch.supervisor - INFO - Epoch [134/200] (270) train_mae: 0.5422, val_mae: 0.6125
2022-04-13 19:32:10,509 - model.pytorch.supervisor - INFO - Test: mae: 0.7470, mape: 27292.7012, rmse: 0.4176
2022-04-13 19:32:10,509 - model.pytorch.supervisor - INFO - Horizon 15mins: mae: 0.1080, mape: 27581.3125, rmse: 0.2589
2022-04-13 19:32:10,509 - model.pytorch.supervisor - INFO - Horizon 30mins: mae: 0.2223, mape: 27182.1855, rmse: 0.3780
2022-04-13 19:32:10,510 - model.pytorch.supervisor - INFO - Horizon 60mins: mae: 0.4246, mape: 26954.6582, rmse: 0.5896
2022-04-13 19:32:10,510 - model.pytorch.supervisor - INFO - Epoch [134/200] (270) train_mae: 0.5422, test_mae: 0.7470, lr: 0.000005, 1.8s, 2.2s
2022-04-13 19:32:12,311 - model.pytorch.supervisor - INFO - epoch complete
2022-04-13 19:32:12,312 - model.pytorch.supervisor - INFO - evaluating now!
2022-04-13 19:32:12,697 - model.pytorch.supervisor - INFO - Epoch [135/200] (272) train_mae: 0.5408, val_mae: 0.5972
2022-04-13 19:32:14,528 - model.pytorch.supervisor - INFO - epoch complete
2022-04-13 19:32:14,528 - model.pytorch.supervisor - INFO - evaluating now!
2022-04-13 19:32:14,937 - model.pytorch.supervisor - INFO - Epoch [136/200] (274) train_mae: 0.5395, val_mae: 0.6193
2022-04-13 19:32:16,712 - model.pytorch.supervisor - INFO - epoch complete
2022-04-13 19:32:16,712 - model.pytorch.supervisor - INFO - evaluating now!
2022-04-13 19:32:17,112 - model.pytorch.supervisor - INFO - Epoch [137/200] (276) train_mae: 0.5392, val_mae: 0.6098
2022-04-13 19:32:18,909 - model.pytorch.supervisor - INFO - epoch complete
2022-04-13 19:32:18,909 - model.pytorch.supervisor - INFO - evaluating now!
2022-04-13 19:32:19,297 - model.pytorch.supervisor - INFO - Epoch [138/200] (278) train_mae: 0.5379, val_mae: 0.5891
2022-04-13 19:32:21,102 - model.pytorch.supervisor - INFO - epoch complete
2022-04-13 19:32:21,102 - model.pytorch.supervisor - INFO - evaluating now!
2022-04-13 19:32:21,486 - model.pytorch.supervisor - INFO - Epoch [139/200] (280) train_mae: 0.5383, val_mae: 0.5939
2022-04-13 19:32:21,882 - model.pytorch.supervisor - INFO - Test: mae: 0.7594, mape: 28160.3301, rmse: 0.4333
2022-04-13 19:32:21,882 - model.pytorch.supervisor - INFO - Horizon 15mins: mae: 0.1138, mape: 28229.7793, rmse: 0.2641
2022-04-13 19:32:21,883 - model.pytorch.supervisor - INFO - Horizon 30mins: mae: 0.2373, mape: 28099.7852, rmse: 0.3943
2022-04-13 19:32:21,883 - model.pytorch.supervisor - INFO - Horizon 60mins: mae: 0.4414, mape: 28105.3906, rmse: 0.6096
2022-04-13 19:32:21,883 - model.pytorch.supervisor - INFO - Epoch [139/200] (280) train_mae: 0.5383, test_mae: 0.7594, lr: 0.000005, 1.8s, 2.2s
2022-04-13 19:32:23,703 - model.pytorch.supervisor - INFO - epoch complete
2022-04-13 19:32:23,703 - model.pytorch.supervisor - INFO - evaluating now!
2022-04-13 19:32:24,110 - model.pytorch.supervisor - INFO - Epoch [140/200] (282) train_mae: 0.5379, val_mae: 0.6068
2022-04-13 19:32:25,910 - model.pytorch.supervisor - INFO - epoch complete
2022-04-13 19:32:25,911 - model.pytorch.supervisor - INFO - evaluating now!
2022-04-13 19:32:26,315 - model.pytorch.supervisor - INFO - Epoch [141/200] (284) train_mae: 0.5379, val_mae: 0.6137
2022-04-13 19:32:28,104 - model.pytorch.supervisor - INFO - epoch complete
2022-04-13 19:32:28,105 - model.pytorch.supervisor - INFO - evaluating now!
2022-04-13 19:32:28,505 - model.pytorch.supervisor - INFO - Epoch [142/200] (286) train_mae: 0.5386, val_mae: 0.6057
2022-04-13 19:32:30,310 - model.pytorch.supervisor - INFO - epoch complete
2022-04-13 19:32:30,310 - model.pytorch.supervisor - INFO - evaluating now!
2022-04-13 19:32:30,746 - model.pytorch.supervisor - INFO - Epoch [143/200] (288) train_mae: 0.5386, val_mae: 0.6166
2022-04-13 19:32:32,736 - model.pytorch.supervisor - INFO - epoch complete
2022-04-13 19:32:32,737 - model.pytorch.supervisor - INFO - evaluating now!
2022-04-13 19:32:33,128 - model.pytorch.supervisor - INFO - Epoch [144/200] (290) train_mae: 0.5384, val_mae: 0.6071
2022-04-13 19:32:33,520 - model.pytorch.supervisor - INFO - Test: mae: 0.7584, mape: 27961.1328, rmse: 0.4295
2022-04-13 19:32:33,521 - model.pytorch.supervisor - INFO - Horizon 15mins: mae: 0.1051, mape: 28026.0078, rmse: 0.2578
2022-04-13 19:32:33,521 - model.pytorch.supervisor - INFO - Horizon 30mins: mae: 0.2376, mape: 27873.8320, rmse: 0.3883
2022-04-13 19:32:33,521 - model.pytorch.supervisor - INFO - Horizon 60mins: mae: 0.4478, mape: 27937.4648, rmse: 0.6073
2022-04-13 19:32:33,521 - model.pytorch.supervisor - INFO - Epoch [144/200] (290) train_mae: 0.5384, test_mae: 0.7584, lr: 0.000005, 2.0s, 2.4s
2022-04-13 19:32:35,395 - model.pytorch.supervisor - INFO - epoch complete
2022-04-13 19:32:35,395 - model.pytorch.supervisor - INFO - evaluating now!
2022-04-13 19:32:35,796 - model.pytorch.supervisor - INFO - Epoch [145/200] (292) train_mae: 0.5380, val_mae: 0.6064
2022-04-13 19:32:37,678 - model.pytorch.supervisor - INFO - epoch complete
2022-04-13 19:32:37,678 - model.pytorch.supervisor - INFO - evaluating now!
2022-04-13 19:32:38,088 - model.pytorch.supervisor - INFO - Epoch [146/200] (294) train_mae: 0.5387, val_mae: 0.5999
2022-04-13 19:32:39,973 - model.pytorch.supervisor - INFO - epoch complete
2022-04-13 19:32:39,973 - model.pytorch.supervisor - INFO - evaluating now!
2022-04-13 19:32:40,365 - model.pytorch.supervisor - INFO - Epoch [147/200] (296) train_mae: 0.5371, val_mae: 0.6010
2022-04-13 19:32:42,251 - model.pytorch.supervisor - INFO - epoch complete
2022-04-13 19:32:42,251 - model.pytorch.supervisor - INFO - evaluating now!
2022-04-13 19:32:42,646 - model.pytorch.supervisor - INFO - Epoch [148/200] (298) train_mae: 0.5389, val_mae: 0.5992
2022-04-13 19:32:44,528 - model.pytorch.supervisor - INFO - epoch complete
2022-04-13 19:32:44,528 - model.pytorch.supervisor - INFO - evaluating now!
2022-04-13 19:32:44,927 - model.pytorch.supervisor - INFO - Epoch [149/200] (300) train_mae: 0.5383, val_mae: 0.6192
2022-04-13 19:32:45,323 - model.pytorch.supervisor - INFO - Test: mae: 0.7574, mape: 28402.3945, rmse: 0.4209
2022-04-13 19:32:45,323 - model.pytorch.supervisor - INFO - Horizon 15mins: mae: 0.1124, mape: 28406.7051, rmse: 0.2615
2022-04-13 19:32:45,323 - model.pytorch.supervisor - INFO - Horizon 30mins: mae: 0.2375, mape: 28342.1387, rmse: 0.3867
2022-04-13 19:32:45,323 - model.pytorch.supervisor - INFO - Horizon 60mins: mae: 0.4382, mape: 28410.3691, rmse: 0.5862
2022-04-13 19:32:45,323 - model.pytorch.supervisor - INFO - Epoch [149/200] (300) train_mae: 0.5383, test_mae: 0.7574, lr: 0.000005, 1.9s, 2.3s
2022-04-13 19:32:47,176 - model.pytorch.supervisor - INFO - epoch complete
2022-04-13 19:32:47,176 - model.pytorch.supervisor - INFO - evaluating now!
2022-04-13 19:32:47,569 - model.pytorch.supervisor - INFO - Epoch [150/200] (302) train_mae: 0.5385, val_mae: 0.6010
2022-04-13 19:32:49,401 - model.pytorch.supervisor - INFO - epoch complete
2022-04-13 19:32:49,402 - model.pytorch.supervisor - INFO - evaluating now!
2022-04-13 19:32:49,796 - model.pytorch.supervisor - INFO - Epoch [151/200] (304) train_mae: 0.5391, val_mae: 0.6193
2022-04-13 19:32:51,770 - model.pytorch.supervisor - INFO - epoch complete
2022-04-13 19:32:51,771 - model.pytorch.supervisor - INFO - evaluating now!
2022-04-13 19:32:52,197 - model.pytorch.supervisor - INFO - Epoch [152/200] (306) train_mae: 0.5388, val_mae: 0.5983
2022-04-13 19:32:54,156 - model.pytorch.supervisor - INFO - epoch complete
2022-04-13 19:32:54,156 - model.pytorch.supervisor - INFO - evaluating now!
2022-04-13 19:32:54,562 - model.pytorch.supervisor - INFO - Epoch [153/200] (308) train_mae: 0.5392, val_mae: 0.6134
2022-04-13 19:32:56,629 - model.pytorch.supervisor - INFO - epoch complete
2022-04-13 19:32:56,629 - model.pytorch.supervisor - INFO - evaluating now!
2022-04-13 19:32:57,063 - model.pytorch.supervisor - INFO - Epoch [154/200] (310) train_mae: 0.5389, val_mae: 0.6033
2022-04-13 19:32:57,485 - model.pytorch.supervisor - INFO - Test: mae: 0.7693, mape: 27674.6855, rmse: 0.4327
2022-04-13 19:32:57,485 - model.pytorch.supervisor - INFO - Horizon 15mins: mae: 0.1178, mape: 27973.0488, rmse: 0.2636
2022-04-13 19:32:57,485 - model.pytorch.supervisor - INFO - Horizon 30mins: mae: 0.2476, mape: 27609.5527, rmse: 0.3937
2022-04-13 19:32:57,485 - model.pytorch.supervisor - INFO - Horizon 60mins: mae: 0.4621, mape: 27330.5566, rmse: 0.6093
2022-04-13 19:32:57,486 - model.pytorch.supervisor - INFO - Epoch [154/200] (310) train_mae: 0.5389, test_mae: 0.7693, lr: 0.000005, 2.1s, 2.5s
2022-04-13 19:32:59,437 - model.pytorch.supervisor - INFO - epoch complete
2022-04-13 19:32:59,437 - model.pytorch.supervisor - INFO - evaluating now!
2022-04-13 19:32:59,848 - model.pytorch.supervisor - INFO - Epoch [155/200] (312) train_mae: 0.5388, val_mae: 0.6162
2022-04-13 19:33:01,823 - model.pytorch.supervisor - INFO - epoch complete
2022-04-13 19:33:01,823 - model.pytorch.supervisor - INFO - evaluating now!
2022-04-13 19:33:02,242 - model.pytorch.supervisor - INFO - Epoch [156/200] (314) train_mae: 0.5397, val_mae: 0.6049
2022-04-13 19:33:04,231 - model.pytorch.supervisor - INFO - epoch complete
2022-04-13 19:33:04,232 - model.pytorch.supervisor - INFO - evaluating now!
2022-04-13 19:33:04,645 - model.pytorch.supervisor - INFO - Epoch [157/200] (316) train_mae: 0.5392, val_mae: 0.5980
2022-04-13 19:33:06,682 - model.pytorch.supervisor - INFO - epoch complete
2022-04-13 19:33:06,682 - model.pytorch.supervisor - INFO - evaluating now!
2022-04-13 19:33:07,117 - model.pytorch.supervisor - INFO - Epoch [158/200] (318) train_mae: 0.5372, val_mae: 0.6117
2022-04-13 19:33:09,108 - model.pytorch.supervisor - INFO - epoch complete
2022-04-13 19:33:09,108 - model.pytorch.supervisor - INFO - evaluating now!
2022-04-13 19:33:09,524 - model.pytorch.supervisor - INFO - Epoch [159/200] (320) train_mae: 0.5385, val_mae: 0.6058
2022-04-13 19:33:09,949 - model.pytorch.supervisor - INFO - Test: mae: 0.7706, mape: 28255.6719, rmse: 0.4415
2022-04-13 19:33:09,949 - model.pytorch.supervisor - INFO - Horizon 15mins: mae: 0.1130, mape: 28166.7812, rmse: 0.2631
2022-04-13 19:33:09,950 - model.pytorch.supervisor - INFO - Horizon 30mins: mae: 0.2510, mape: 28177.5664, rmse: 0.4017
2022-04-13 19:33:09,950 - model.pytorch.supervisor - INFO - Horizon 60mins: mae: 0.4642, mape: 28393.7227, rmse: 0.6216
2022-04-13 19:33:09,950 - model.pytorch.supervisor - INFO - Epoch [159/200] (320) train_mae: 0.5385, test_mae: 0.7706, lr: 0.000005, 2.0s, 2.4s
2022-04-13 19:33:11,953 - model.pytorch.supervisor - INFO - epoch complete
2022-04-13 19:33:11,954 - model.pytorch.supervisor - INFO - evaluating now!
2022-04-13 19:33:12,430 - model.pytorch.supervisor - INFO - Epoch [160/200] (322) train_mae: 0.5377, val_mae: 0.6076
2022-04-13 19:33:14,477 - model.pytorch.supervisor - INFO - epoch complete
2022-04-13 19:33:14,477 - model.pytorch.supervisor - INFO - evaluating now!
2022-04-13 19:33:14,862 - model.pytorch.supervisor - INFO - Epoch [161/200] (324) train_mae: 0.5371, val_mae: 0.5969
2022-04-13 19:33:16,799 - model.pytorch.supervisor - INFO - epoch complete
2022-04-13 19:33:16,800 - model.pytorch.supervisor - INFO - evaluating now!
2022-04-13 19:33:17,178 - model.pytorch.supervisor - INFO - Epoch [162/200] (326) train_mae: 0.5387, val_mae: 0.6029
2022-04-13 19:33:19,080 - model.pytorch.supervisor - INFO - epoch complete
2022-04-13 19:33:19,080 - model.pytorch.supervisor - INFO - evaluating now!
2022-04-13 19:33:19,476 - model.pytorch.supervisor - INFO - Epoch [163/200] (328) train_mae: 0.5385, val_mae: 0.6036
2022-04-13 19:33:21,356 - model.pytorch.supervisor - INFO - epoch complete
2022-04-13 19:33:21,356 - model.pytorch.supervisor - INFO - evaluating now!
2022-04-13 19:33:21,748 - model.pytorch.supervisor - INFO - Epoch [164/200] (330) train_mae: 0.5380, val_mae: 0.5887
2022-04-13 19:33:22,148 - model.pytorch.supervisor - INFO - Test: mae: 0.7941, mape: 28912.8184, rmse: 0.4668
2022-04-13 19:33:22,148 - model.pytorch.supervisor - INFO - Horizon 15mins: mae: 0.1346, mape: 28690.5293, rmse: 0.2769
2022-04-13 19:33:22,149 - model.pytorch.supervisor - INFO - Horizon 30mins: mae: 0.2788, mape: 28884.9551, rmse: 0.4277
2022-04-13 19:33:22,149 - model.pytorch.supervisor - INFO - Horizon 60mins: mae: 0.4869, mape: 29223.7812, rmse: 0.6540
2022-04-13 19:33:22,149 - model.pytorch.supervisor - INFO - Epoch [164/200] (330) train_mae: 0.5380, test_mae: 0.7941, lr: 0.000005, 1.9s, 2.3s
2022-04-13 19:33:24,034 - model.pytorch.supervisor - INFO - epoch complete
2022-04-13 19:33:24,034 - model.pytorch.supervisor - INFO - evaluating now!
2022-04-13 19:33:24,420 - model.pytorch.supervisor - INFO - Epoch [165/200] (332) train_mae: 0.5391, val_mae: 0.6561
2022-04-13 19:33:26,293 - model.pytorch.supervisor - INFO - epoch complete
2022-04-13 19:33:26,293 - model.pytorch.supervisor - INFO - evaluating now!
2022-04-13 19:33:26,696 - model.pytorch.supervisor - INFO - Epoch [166/200] (334) train_mae: 0.5429, val_mae: 0.6067
2022-04-13 19:33:28,602 - model.pytorch.supervisor - INFO - epoch complete
2022-04-13 19:33:28,602 - model.pytorch.supervisor - INFO - evaluating now!
2022-04-13 19:33:29,008 - model.pytorch.supervisor - INFO - Epoch [167/200] (336) train_mae: 0.5424, val_mae: 0.6482
2022-04-13 19:33:30,886 - model.pytorch.supervisor - INFO - epoch complete
2022-04-13 19:33:30,886 - model.pytorch.supervisor - INFO - evaluating now!
2022-04-13 19:33:31,281 - model.pytorch.supervisor - INFO - Epoch [168/200] (338) train_mae: 0.5439, val_mae: 0.6086
2022-04-13 19:33:33,172 - model.pytorch.supervisor - INFO - epoch complete
2022-04-13 19:33:33,173 - model.pytorch.supervisor - INFO - evaluating now!
2022-04-13 19:33:33,561 - model.pytorch.supervisor - INFO - Epoch [169/200] (340) train_mae: 0.5436, val_mae: 0.6705
2022-04-13 19:33:33,960 - model.pytorch.supervisor - INFO - Test: mae: 0.7680, mape: 27542.3418, rmse: 0.4122
2022-04-13 19:33:33,960 - model.pytorch.supervisor - INFO - Horizon 15mins: mae: 0.1101, mape: 27919.4395, rmse: 0.2528
2022-04-13 19:33:33,960 - model.pytorch.supervisor - INFO - Horizon 30mins: mae: 0.2450, mape: 27514.3242, rmse: 0.3740
2022-04-13 19:33:33,960 - model.pytorch.supervisor - INFO - Horizon 60mins: mae: 0.4716, mape: 27019.0801, rmse: 0.5827
2022-04-13 19:33:33,960 - model.pytorch.supervisor - INFO - Epoch [169/200] (340) train_mae: 0.5436, test_mae: 0.7680, lr: 0.000005, 1.9s, 2.3s
2022-04-13 19:33:35,828 - model.pytorch.supervisor - INFO - epoch complete
2022-04-13 19:33:35,828 - model.pytorch.supervisor - INFO - evaluating now!
2022-04-13 19:33:36,216 - model.pytorch.supervisor - INFO - Epoch [170/200] (342) train_mae: 0.5456, val_mae: 0.6094
2022-04-13 19:33:38,128 - model.pytorch.supervisor - INFO - epoch complete
2022-04-13 19:33:38,128 - model.pytorch.supervisor - INFO - evaluating now!
2022-04-13 19:33:38,526 - model.pytorch.supervisor - INFO - Epoch [171/200] (344) train_mae: 0.5481, val_mae: 0.6030
2022-04-13 19:33:40,398 - model.pytorch.supervisor - INFO - epoch complete
2022-04-13 19:33:40,398 - model.pytorch.supervisor - INFO - evaluating now!
2022-04-13 19:33:40,784 - model.pytorch.supervisor - INFO - Epoch [172/200] (346) train_mae: 0.5432, val_mae: 0.6100
2022-04-13 19:33:42,701 - model.pytorch.supervisor - INFO - epoch complete
2022-04-13 19:33:42,701 - model.pytorch.supervisor - INFO - evaluating now!
2022-04-13 19:33:43,090 - model.pytorch.supervisor - INFO - Epoch [173/200] (348) train_mae: 0.5420, val_mae: 0.5985
2022-04-13 19:33:44,984 - model.pytorch.supervisor - INFO - epoch complete
2022-04-13 19:33:44,984 - model.pytorch.supervisor - INFO - evaluating now!
2022-04-13 19:33:45,377 - model.pytorch.supervisor - INFO - Epoch [174/200] (350) train_mae: 0.5408, val_mae: 0.5919
2022-04-13 19:33:45,770 - model.pytorch.supervisor - INFO - Test: mae: 0.7940, mape: 28700.2344, rmse: 0.4651
2022-04-13 19:33:45,771 - model.pytorch.supervisor - INFO - Horizon 15mins: mae: 0.1302, mape: 28452.5215, rmse: 0.2713
2022-04-13 19:33:45,771 - model.pytorch.supervisor - INFO - Horizon 30mins: mae: 0.2801, mape: 28706.3477, rmse: 0.4265
2022-04-13 19:33:45,771 - model.pytorch.supervisor - INFO - Horizon 60mins: mae: 0.4881, mape: 28938.6504, rmse: 0.6518
2022-04-13 19:33:45,771 - model.pytorch.supervisor - INFO - Epoch [174/200] (350) train_mae: 0.5408, test_mae: 0.7940, lr: 0.000005, 1.9s, 2.3s
2022-04-13 19:33:47,665 - model.pytorch.supervisor - INFO - epoch complete
2022-04-13 19:33:47,665 - model.pytorch.supervisor - INFO - evaluating now!
2022-04-13 19:33:48,063 - model.pytorch.supervisor - INFO - Epoch [175/200] (352) train_mae: 0.5396, val_mae: 0.6055
2022-04-13 19:33:49,981 - model.pytorch.supervisor - INFO - epoch complete
2022-04-13 19:33:49,981 - model.pytorch.supervisor - INFO - evaluating now!
2022-04-13 19:33:50,384 - model.pytorch.supervisor - INFO - Epoch [176/200] (354) train_mae: 0.5382, val_mae: 0.5986
2022-04-13 19:33:52,373 - model.pytorch.supervisor - INFO - epoch complete
2022-04-13 19:33:52,374 - model.pytorch.supervisor - INFO - evaluating now!
2022-04-13 19:33:52,785 - model.pytorch.supervisor - INFO - Epoch [177/200] (356) train_mae: 0.5369, val_mae: 0.6207
2022-04-13 19:33:54,727 - model.pytorch.supervisor - INFO - epoch complete
2022-04-13 19:33:54,727 - model.pytorch.supervisor - INFO - evaluating now!
2022-04-13 19:33:55,134 - model.pytorch.supervisor - INFO - Epoch [178/200] (358) train_mae: 0.5391, val_mae: 0.5917
2022-04-13 19:33:57,012 - model.pytorch.supervisor - INFO - epoch complete
2022-04-13 19:33:57,013 - model.pytorch.supervisor - INFO - evaluating now!
2022-04-13 19:33:57,397 - model.pytorch.supervisor - INFO - Epoch [179/200] (360) train_mae: 0.5396, val_mae: 0.5970
2022-04-13 19:33:57,779 - model.pytorch.supervisor - INFO - Test: mae: 0.7974, mape: 28952.9258, rmse: 0.4590
2022-04-13 19:33:57,779 - model.pytorch.supervisor - INFO - Horizon 15mins: mae: 0.1550, mape: 28915.5312, rmse: 0.2863
2022-04-13 19:33:57,781 - model.pytorch.supervisor - INFO - Horizon 30mins: mae: 0.2839, mape: 28924.0215, rmse: 0.4293
2022-04-13 19:33:57,781 - model.pytorch.supervisor - INFO - Horizon 60mins: mae: 0.4729, mape: 29056.7012, rmse: 0.6309
2022-04-13 19:33:57,781 - model.pytorch.supervisor - INFO - Epoch [179/200] (360) train_mae: 0.5396, test_mae: 0.7974, lr: 0.000005, 1.9s, 2.3s
2022-04-13 19:33:59,682 - model.pytorch.supervisor - INFO - epoch complete
2022-04-13 19:33:59,682 - model.pytorch.supervisor - INFO - evaluating now!
2022-04-13 19:34:00,085 - model.pytorch.supervisor - INFO - Epoch [180/200] (362) train_mae: 0.5407, val_mae: 0.5815
2022-04-13 19:34:01,974 - model.pytorch.supervisor - INFO - epoch complete
2022-04-13 19:34:01,974 - model.pytorch.supervisor - INFO - evaluating now!
2022-04-13 19:34:02,383 - model.pytorch.supervisor - INFO - Epoch [181/200] (364) train_mae: 0.5411, val_mae: 0.5977
2022-04-13 19:34:04,276 - model.pytorch.supervisor - INFO - epoch complete
2022-04-13 19:34:04,276 - model.pytorch.supervisor - INFO - evaluating now!
2022-04-13 19:34:04,677 - model.pytorch.supervisor - INFO - Epoch [182/200] (366) train_mae: 0.5387, val_mae: 0.5940
2022-04-13 19:34:06,555 - model.pytorch.supervisor - INFO - epoch complete
2022-04-13 19:34:06,555 - model.pytorch.supervisor - INFO - evaluating now!
2022-04-13 19:34:06,954 - model.pytorch.supervisor - INFO - Epoch [183/200] (368) train_mae: 0.5367, val_mae: 0.6141
2022-04-13 19:34:08,840 - model.pytorch.supervisor - INFO - epoch complete
2022-04-13 19:34:08,840 - model.pytorch.supervisor - INFO - evaluating now!
2022-04-13 19:34:09,243 - model.pytorch.supervisor - INFO - Epoch [184/200] (370) train_mae: 0.5399, val_mae: 0.6214
2022-04-13 19:34:09,635 - model.pytorch.supervisor - INFO - Test: mae: 0.7746, mape: 27484.8613, rmse: 0.4265
2022-04-13 19:34:09,635 - model.pytorch.supervisor - INFO - Horizon 15mins: mae: 0.1261, mape: 27746.6953, rmse: 0.2636
2022-04-13 19:34:09,635 - model.pytorch.supervisor - INFO - Horizon 30mins: mae: 0.2530, mape: 27451.2832, rmse: 0.3921
2022-04-13 19:34:09,635 - model.pytorch.supervisor - INFO - Horizon 60mins: mae: 0.4655, mape: 27070.1582, rmse: 0.5956
2022-04-13 19:34:09,635 - model.pytorch.supervisor - INFO - Epoch [184/200] (370) train_mae: 0.5399, test_mae: 0.7746, lr: 0.000005, 1.9s, 2.3s
2022-04-13 19:34:11,537 - model.pytorch.supervisor - INFO - epoch complete
2022-04-13 19:34:11,537 - model.pytorch.supervisor - INFO - evaluating now!
2022-04-13 19:34:11,937 - model.pytorch.supervisor - INFO - Epoch [185/200] (372) train_mae: 0.5407, val_mae: 0.6130
2022-04-13 19:34:13,838 - model.pytorch.supervisor - INFO - epoch complete
2022-04-13 19:34:13,838 - model.pytorch.supervisor - INFO - evaluating now!
2022-04-13 19:34:14,257 - model.pytorch.supervisor - INFO - Epoch [186/200] (374) train_mae: 0.5408, val_mae: 0.6480
2022-04-13 19:34:16,265 - model.pytorch.supervisor - INFO - epoch complete
2022-04-13 19:34:16,266 - model.pytorch.supervisor - INFO - evaluating now!
2022-04-13 19:34:16,691 - model.pytorch.supervisor - INFO - Epoch [187/200] (376) train_mae: 0.5406, val_mae: 0.5993
2022-04-13 19:34:18,706 - model.pytorch.supervisor - INFO - epoch complete
2022-04-13 19:34:18,706 - model.pytorch.supervisor - INFO - evaluating now!
2022-04-13 19:34:19,101 - model.pytorch.supervisor - INFO - Epoch [188/200] (378) train_mae: 0.5447, val_mae: 0.6248
2022-04-13 19:34:21,008 - model.pytorch.supervisor - INFO - epoch complete
2022-04-13 19:34:21,008 - model.pytorch.supervisor - INFO - evaluating now!
2022-04-13 19:34:21,412 - model.pytorch.supervisor - INFO - Epoch [189/200] (380) train_mae: 0.5436, val_mae: 0.5830
2022-04-13 19:34:21,811 - model.pytorch.supervisor - INFO - Test: mae: 0.7955, mape: 28248.4766, rmse: 0.4669
2022-04-13 19:34:21,811 - model.pytorch.supervisor - INFO - Horizon 15mins: mae: 0.1417, mape: 28408.5840, rmse: 0.2793
2022-04-13 19:34:21,811 - model.pytorch.supervisor - INFO - Horizon 30mins: mae: 0.2830, mape: 28173.4531, rmse: 0.4316
2022-04-13 19:34:21,811 - model.pytorch.supervisor - INFO - Horizon 60mins: mae: 0.4823, mape: 28145.3711, rmse: 0.6517
2022-04-13 19:34:21,812 - model.pytorch.supervisor - INFO - Epoch [189/200] (380) train_mae: 0.5436, test_mae: 0.7955, lr: 0.000005, 1.9s, 2.3s
2022-04-13 19:34:23,725 - model.pytorch.supervisor - INFO - epoch complete
2022-04-13 19:34:23,725 - model.pytorch.supervisor - INFO - evaluating now!
2022-04-13 19:34:24,106 - model.pytorch.supervisor - INFO - Epoch [190/200] (382) train_mae: 0.5389, val_mae: 0.6156
2022-04-13 19:34:26,044 - model.pytorch.supervisor - INFO - epoch complete
2022-04-13 19:34:26,045 - model.pytorch.supervisor - INFO - evaluating now!
2022-04-13 19:34:26,444 - model.pytorch.supervisor - INFO - Epoch [191/200] (384) train_mae: 0.5369, val_mae: 0.5854
2022-04-13 19:34:28,342 - model.pytorch.supervisor - INFO - epoch complete
2022-04-13 19:34:28,342 - model.pytorch.supervisor - INFO - evaluating now!
2022-04-13 19:34:28,739 - model.pytorch.supervisor - INFO - Epoch [192/200] (386) train_mae: 0.5389, val_mae: 0.6504
2022-04-13 19:34:30,640 - model.pytorch.supervisor - INFO - epoch complete
2022-04-13 19:34:30,640 - model.pytorch.supervisor - INFO - evaluating now!
2022-04-13 19:34:31,047 - model.pytorch.supervisor - INFO - Epoch [193/200] (388) train_mae: 0.5425, val_mae: 0.6103
2022-04-13 19:34:32,924 - model.pytorch.supervisor - INFO - epoch complete
2022-04-13 19:34:32,924 - model.pytorch.supervisor - INFO - evaluating now!
2022-04-13 19:34:33,313 - model.pytorch.supervisor - INFO - Epoch [194/200] (390) train_mae: 0.5435, val_mae: 0.6375
2022-04-13 19:34:33,709 - model.pytorch.supervisor - INFO - Test: mae: 0.7689, mape: 27962.9141, rmse: 0.4258
2022-04-13 19:34:33,709 - model.pytorch.supervisor - INFO - Horizon 15mins: mae: 0.1103, mape: 28264.9023, rmse: 0.2564
2022-04-13 19:34:33,709 - model.pytorch.supervisor - INFO - Horizon 30mins: mae: 0.2423, mape: 27891.1641, rmse: 0.3831
2022-04-13 19:34:33,709 - model.pytorch.supervisor - INFO - Horizon 60mins: mae: 0.4738, mape: 27667.9707, rmse: 0.6061
2022-04-13 19:34:33,709 - model.pytorch.supervisor - INFO - Epoch [194/200] (390) train_mae: 0.5435, test_mae: 0.7689, lr: 0.000005, 1.9s, 2.3s
2022-04-13 19:34:35,615 - model.pytorch.supervisor - INFO - epoch complete
2022-04-13 19:34:35,616 - model.pytorch.supervisor - INFO - evaluating now!
2022-04-13 19:34:35,995 - model.pytorch.supervisor - INFO - Epoch [195/200] (392) train_mae: 0.5423, val_mae: 0.5958
2022-04-13 19:34:37,892 - model.pytorch.supervisor - INFO - epoch complete
2022-04-13 19:34:37,893 - model.pytorch.supervisor - INFO - evaluating now!
2022-04-13 19:34:38,278 - model.pytorch.supervisor - INFO - Epoch [196/200] (394) train_mae: 0.5409, val_mae: 0.6153
2022-04-13 19:34:40,194 - model.pytorch.supervisor - INFO - epoch complete
2022-04-13 19:34:40,195 - model.pytorch.supervisor - INFO - evaluating now!
2022-04-13 19:34:40,585 - model.pytorch.supervisor - INFO - Epoch [197/200] (396) train_mae: 0.5397, val_mae: 0.5909
2022-04-13 19:34:42,487 - model.pytorch.supervisor - INFO - epoch complete
2022-04-13 19:34:42,487 - model.pytorch.supervisor - INFO - evaluating now!
2022-04-13 19:34:42,893 - model.pytorch.supervisor - INFO - Epoch [198/200] (398) train_mae: 0.5394, val_mae: 0.6211
2022-04-13 19:34:45,766 - model.pytorch.supervisor - INFO - epoch complete
2022-04-13 19:34:45,766 - model.pytorch.supervisor - INFO - evaluating now!
2022-04-13 19:34:46,160 - model.pytorch.supervisor - INFO - Epoch [199/200] (400) train_mae: 0.5378, val_mae: 0.5982
2022-04-13 19:34:46,556 - model.pytorch.supervisor - INFO - Test: mae: 0.8077, mape: 28639.5684, rmse: 0.4814
2022-04-13 19:34:46,556 - model.pytorch.supervisor - INFO - Horizon 15mins: mae: 0.1449, mape: 28481.6270, rmse: 0.2846
2022-04-13 19:34:46,556 - model.pytorch.supervisor - INFO - Horizon 30mins: mae: 0.2945, mape: 28589.3555, rmse: 0.4444
2022-04-13 19:34:46,557 - model.pytorch.supervisor - INFO - Horizon 60mins: mae: 0.5028, mape: 28934.0137, rmse: 0.6733
2022-04-13 19:34:46,557 - model.pytorch.supervisor - INFO - Epoch [199/200] (400) train_mae: 0.5378, test_mae: 0.8077, lr: 0.000005, 2.9s, 3.3s
